This is pdfTeX, Version 3.14159265-2.6-1.40.17 (TeX Live 2016) (preloaded format=pdflatex 2017.2.8)  12 JAN 2018 11:53
entering extended mode
 restricted \write18 enabled.
 %&-line parsing enabled.
**report.tex
(./report.tex
LaTeX2e <2016/03/31>
Babel <3.9r> and hyphenation patterns for 83 language(s) loaded.
(/usr/local/texlive/2016/texmf-dist/tex/latex/base/article.cls
Document Class: article 2014/09/29 v1.4h Standard LaTeX document class
(/usr/local/texlive/2016/texmf-dist/tex/latex/base/size10.clo
File: size10.clo 2014/09/29 v1.4h Standard LaTeX file (size option)
)
\c@part=\count79
\c@section=\count80
\c@subsection=\count81
\c@subsubsection=\count82
\c@paragraph=\count83
\c@subparagraph=\count84
\c@figure=\count85
\c@table=\count86
\abovecaptionskip=\skip41
\belowcaptionskip=\skip42
\bibindent=\dimen102
)
(/usr/local/texlive/2016/texmf-dist/tex/latex/graphics/graphicx.sty
Package: graphicx 2014/10/28 v1.0g Enhanced LaTeX Graphics (DPC,SPQR)

(/usr/local/texlive/2016/texmf-dist/tex/latex/graphics/keyval.sty
Package: keyval 2014/10/28 v1.15 key=value parser (DPC)
\KV@toks@=\toks14
)
(/usr/local/texlive/2016/texmf-dist/tex/latex/graphics/graphics.sty
Package: graphics 2016/05/09 v1.0r Standard LaTeX Graphics (DPC,SPQR)

(/usr/local/texlive/2016/texmf-dist/tex/latex/graphics/trig.sty
Package: trig 2016/01/03 v1.10 sin cos tan (DPC)
)
(/usr/local/texlive/2016/texmf-dist/tex/latex/graphics-cfg/graphics.cfg
File: graphics.cfg 2016/01/02 v1.10 sample graphics configuration
)
Package graphics Info: Driver file: pdftex.def on input line 96.

(/usr/local/texlive/2016/texmf-dist/tex/latex/pdftex-def/pdftex.def
File: pdftex.def 2011/05/27 v0.06d Graphics/color for pdfTeX

(/usr/local/texlive/2016/texmf-dist/tex/generic/oberdiek/infwarerr.sty
Package: infwarerr 2016/05/16 v1.4 Providing info/warning/error messages (HO)
)
(/usr/local/texlive/2016/texmf-dist/tex/generic/oberdiek/ltxcmds.sty
Package: ltxcmds 2016/05/16 v1.23 LaTeX kernel commands for general use (HO)
)
\Gread@gobject=\count87
))
\Gin@req@height=\dimen103
\Gin@req@width=\dimen104
)
(/usr/local/texlive/2016/texmf-dist/tex/latex/enumitem/enumitem.sty
Package: enumitem 2011/09/28 v3.5.2 Customized lists
\labelindent=\skip43
\enit@outerparindent=\dimen105
\enit@toks=\toks15
\enit@inbox=\box26
\enitdp@description=\count88
)
(/usr/local/texlive/2016/texmf-dist/tex/latex/caption/subcaption.sty
Package: subcaption 2016/02/20 v1.1-142 Sub-captions (AR)

(/usr/local/texlive/2016/texmf-dist/tex/latex/caption/caption.sty
Package: caption 2016/02/21 v3.3-144 Customizing captions (AR)

(/usr/local/texlive/2016/texmf-dist/tex/latex/caption/caption3.sty
Package: caption3 2016/02/04 v1.7-139 caption3 kernel (AR)
Package caption3 Info: TeX engine: e-TeX on input line 67.
\captionmargin=\dimen106
\captionmargin@=\dimen107
\captionwidth=\dimen108
\caption@tempdima=\dimen109
\caption@indent=\dimen110
\caption@parindent=\dimen111
\caption@hangindent=\dimen112
)
\c@ContinuedFloat=\count89
)
\c@subfigure=\count90
\c@subtable=\count91
)
(/usr/local/texlive/2016/texmf-dist/tex/latex/amsmath/amsmath.sty
Package: amsmath 2016/03/10 v2.15b AMS math features
\@mathmargin=\skip44

For additional information on amsmath, use the `?' option.
(/usr/local/texlive/2016/texmf-dist/tex/latex/amsmath/amstext.sty
Package: amstext 2000/06/29 v2.01 AMS text

(/usr/local/texlive/2016/texmf-dist/tex/latex/amsmath/amsgen.sty
File: amsgen.sty 1999/11/30 v2.0 generic functions
\@emptytoks=\toks16
\ex@=\dimen113
))
(/usr/local/texlive/2016/texmf-dist/tex/latex/amsmath/amsbsy.sty
Package: amsbsy 1999/11/29 v1.2d Bold Symbols
\pmbraise@=\dimen114
)
(/usr/local/texlive/2016/texmf-dist/tex/latex/amsmath/amsopn.sty
Package: amsopn 2016/03/08 v2.02 operator names
)
\inf@bad=\count92
LaTeX Info: Redefining \frac on input line 199.
\uproot@=\count93
\leftroot@=\count94
LaTeX Info: Redefining \overline on input line 297.
\classnum@=\count95
\DOTSCASE@=\count96
LaTeX Info: Redefining \ldots on input line 394.
LaTeX Info: Redefining \dots on input line 397.
LaTeX Info: Redefining \cdots on input line 518.
\Mathstrutbox@=\box27
\strutbox@=\box28
\big@size=\dimen115
LaTeX Font Info:    Redeclaring font encoding OML on input line 634.
LaTeX Font Info:    Redeclaring font encoding OMS on input line 635.
\macc@depth=\count97
\c@MaxMatrixCols=\count98
\dotsspace@=\muskip10
\c@parentequation=\count99
\dspbrk@lvl=\count100
\tag@help=\toks17
\row@=\count101
\column@=\count102
\maxfields@=\count103
\andhelp@=\toks18
\eqnshift@=\dimen116
\alignsep@=\dimen117
\tagshift@=\dimen118
\tagwidth@=\dimen119
\totwidth@=\dimen120
\lineht@=\dimen121
\@envbody=\toks19
\multlinegap=\skip45
\multlinetaggap=\skip46
\mathdisplay@stack=\toks20
LaTeX Info: Redefining \[ on input line 2739.
LaTeX Info: Redefining \] on input line 2740.
)
(./report.aux

LaTeX Warning: Label `fig:su1' multiply defined.


LaTeX Warning: Label `sub@fig:su1' multiply defined.


LaTeX Warning: Label `fig:su2' multiply defined.


LaTeX Warning: Label `sub@fig:su2' multiply defined.


LaTeX Warning: Label `fig:su3' multiply defined.


LaTeX Warning: Label `sub@fig:su3' multiply defined.


LaTeX Warning: Label `fig:su4' multiply defined.


LaTeX Warning: Label `sub@fig:su4' multiply defined.

)
\openout1 = `report.aux'.

LaTeX Font Info:    Checking defaults for OML/cmm/m/it on input line 7.
LaTeX Font Info:    ... okay on input line 7.
LaTeX Font Info:    Checking defaults for T1/cmr/m/n on input line 7.
LaTeX Font Info:    ... okay on input line 7.
LaTeX Font Info:    Checking defaults for OT1/cmr/m/n on input line 7.
LaTeX Font Info:    ... okay on input line 7.
LaTeX Font Info:    Checking defaults for OMS/cmsy/m/n on input line 7.
LaTeX Font Info:    ... okay on input line 7.
LaTeX Font Info:    Checking defaults for OMX/cmex/m/n on input line 7.
LaTeX Font Info:    ... okay on input line 7.
LaTeX Font Info:    Checking defaults for U/cmr/m/n on input line 7.
LaTeX Font Info:    ... okay on input line 7.
 (/usr/local/texlive/2016/texmf-dist/tex/context/base/mkii/supp-pdf.mkii
[Loading MPS to PDF converter (version 2006.09.02).]
\scratchcounter=\count104
\scratchdimen=\dimen122
\scratchbox=\box29
\nofMPsegments=\count105
\nofMParguments=\count106
\everyMPshowfont=\toks21
\MPscratchCnt=\count107
\MPscratchDim=\dimen123
\MPnumerator=\count108
\makeMPintoPDFobject=\count109
\everyMPtoPDFconversion=\toks22
) (/usr/local/texlive/2016/texmf-dist/tex/generic/oberdiek/pdftexcmds.sty
Package: pdftexcmds 2016/05/10 v0.21 Utility functions of pdfTeX for LuaTeX (HO
)

(/usr/local/texlive/2016/texmf-dist/tex/generic/oberdiek/ifluatex.sty
Package: ifluatex 2016/05/16 v1.4 Provides the ifluatex switch (HO)
Package ifluatex Info: LuaTeX not detected.
)
(/usr/local/texlive/2016/texmf-dist/tex/generic/oberdiek/ifpdf.sty
Package: ifpdf 2016/05/14 v3.1 Provides the ifpdf switch
)
Package pdftexcmds Info: LuaTeX not detected.
Package pdftexcmds Info: \pdf@primitive is available.
Package pdftexcmds Info: \pdf@ifprimitive is available.
Package pdftexcmds Info: \pdfdraftmode found.
)
(/usr/local/texlive/2016/texmf-dist/tex/latex/oberdiek/epstopdf-base.sty
Package: epstopdf-base 2016/05/15 v2.6 Base part for package epstopdf

(/usr/local/texlive/2016/texmf-dist/tex/latex/oberdiek/grfext.sty
Package: grfext 2016/05/16 v1.2 Manage graphics extensions (HO)

(/usr/local/texlive/2016/texmf-dist/tex/generic/oberdiek/kvdefinekeys.sty
Package: kvdefinekeys 2016/05/16 v1.4 Define keys (HO)
))
(/usr/local/texlive/2016/texmf-dist/tex/latex/oberdiek/kvoptions.sty
Package: kvoptions 2016/05/16 v3.12 Key value format for package options (HO)

(/usr/local/texlive/2016/texmf-dist/tex/generic/oberdiek/kvsetkeys.sty
Package: kvsetkeys 2016/05/16 v1.17 Key value parser (HO)

(/usr/local/texlive/2016/texmf-dist/tex/generic/oberdiek/etexcmds.sty
Package: etexcmds 2016/05/16 v1.6 Avoid name clashes with e-TeX commands (HO)
Package etexcmds Info: Could not find \expanded.
(etexcmds)             That can mean that you are not using pdfTeX 1.50 or
(etexcmds)             that some package has redefined \expanded.
(etexcmds)             In the latter case, load this package earlier.
)))
Package grfext Info: Graphics extension search list:
(grfext)             [.png,.pdf,.jpg,.mps,.jpeg,.jbig2,.jb2,.PNG,.PDF,.JPG,.JPE
G,.JBIG2,.JB2,.eps]
(grfext)             \AppendGraphicsExtensions on input line 456.

(/usr/local/texlive/2016/texmf-dist/tex/latex/latexconfig/epstopdf-sys.cfg
File: epstopdf-sys.cfg 2010/07/13 v1.3 Configuration of (r)epstopdf for TeX Liv
e
))
Package caption Info: Begin \AtBeginDocument code.
Package caption Info: End \AtBeginDocument code.

Overfull \hbox (7.98796pt too wide) in paragraph at lines 9--9
[]\OT1/cmr/bx/n/14.4 Cylindrical Dam Break Col-lapse us-ing Newton-
 []

LaTeX Font Info:    Try loading font information for OMS+cmr on input line 12.
(/usr/local/texlive/2016/texmf-dist/tex/latex/base/omscmr.fd
File: omscmr.fd 2014/09/29 v2.5h Standard LaTeX font definitions
)
LaTeX Font Info:    Font shape `OMS/cmr/m/n' in size <10> not available
(Font)              Font shape `OMS/cmsy/m/n' tried instead on input line 12.

Overfull \hbox (9.55614pt too wide) in paragraph at lines 12--15
[]\OT1/cmr/m/n/10 The Newton-Raphson It-er-a-tive pro-ce-dure is im-ple-mented 
to find the smooth-
 []

<vishnu_varh_circ_dam_break.png, id=1, 602.25pt x 740.7675pt>
File: vishnu_varh_circ_dam_break.png Graphic file (type png)

<use vishnu_varh_circ_dam_break.png>
Package pdftex.def Info: vishnu_varh_circ_dam_break.png used on input line 30.
(pdftex.def)             Requested size: 146.62605pt x 180.35365pt.

<My_varh_circ_dam_break.png, id=2, 843.15pt x 860.21375pt>
File: My_varh_circ_dam_break.png Graphic file (type png)

<use My_varh_circ_dam_break.png>
Package pdftex.def Info: My_varh_circ_dam_break.png used on input line 36.
(pdftex.def)             Requested size: 172.5pt x 175.99055pt.
 [1

{/usr/local/texlive/2016/texmf-var/fonts/map/pdftex/updmap/pdftex.map} <./vishn
u_varh_circ_dam_break.png (PNG copy)> <./My_varh_circ_dam_break.png (PNG copy)>
]
<rodri.png, id=12, 1391.1975pt x 538.01pt>
File: rodri.png Graphic file (type png)
 <use rodri.png>
Package pdftex.def Info: rodri.png used on input line 64.
(pdftex.def)             Requested size: 379.5021pt x 146.75874pt.

Overfull \hbox (34.5021pt too wide) in paragraph at lines 64--65
 [][] 
 []

<circ_dam_t0.png, id=14, 462.528pt x 346.896pt>
File: circ_dam_t0.png Graphic file (type png)
 <use circ_dam_t0.png>
Package pdftex.def Info: circ_dam_t0.png used on input line 74.
(pdftex.def)             Requested size: 189.75105pt x 142.31296pt.

Overfull \hbox (17.25105pt too wide) in paragraph at lines 74--75
 [][] 
 []

<circ_dam_t1.png, id=15, 462.528pt x 346.896pt>
File: circ_dam_t1.png Graphic file (type png)
 <use circ_dam_t1.png>
Package pdftex.def Info: circ_dam_t1.png used on input line 80.
(pdftex.def)             Requested size: 189.75105pt x 142.31296pt.

Overfull \hbox (17.25105pt too wide) in paragraph at lines 80--81
 [][] 
 []

<circ_dam_t2.png, id=16, 462.528pt x 346.896pt>
File: circ_dam_t2.png Graphic file (type png)
 <use circ_dam_t2.png>
Package pdftex.def Info: circ_dam_t2.png used on input line 86.
(pdftex.def)             Requested size: 189.75105pt x 142.31296pt.

Overfull \hbox (17.25105pt too wide) in paragraph at lines 86--87
 [][] 
 []

<circ_dam_t3.png, id=17, 462.528pt x 346.896pt>
File: circ_dam_t3.png Graphic file (type png)
 <use circ_dam_t3.png>
Package pdftex.def Info: circ_dam_t3.png used on input line 92.
(pdftex.def)             Requested size: 189.75105pt x 142.31296pt.

Overfull \hbox (17.25105pt too wide) in paragraph at lines 92--93
 [][] 
 []

<rodri2.png, id=18, 900.36375pt x 820.06375pt>
File: rodri2.png Graphic file (type png)
 <use rodri2.png>
Package pdftex.def Info: rodri2.png used on input line 102.
(pdftex.def)             Requested size: 379.5021pt x 345.65071pt.

Overfull \hbox (34.5021pt too wide) in paragraph at lines 102--103
 [][] 
 []

<width_t0.png, id=19, 843.15pt x 860.21375pt>
File: width_t0.png Graphic file (type png)
 <use width_t0.png>
Package pdftex.def Info: width_t0.png used on input line 112.
(pdftex.def)             Requested size: 189.75105pt x 193.59224pt.

Overfull \hbox (17.25105pt too wide) in paragraph at lines 112--113
 [][] 
 []

<width_t1.png, id=20, 843.15pt x 860.21375pt>
File: width_t1.png Graphic file (type png)
 <use width_t1.png>
Package pdftex.def Info: width_t1.png used on input line 118.
(pdftex.def)             Requested size: 189.75105pt x 193.59224pt.

Overfull \hbox (17.25105pt too wide) in paragraph at lines 118--119
 [][] 
 []

<width_t2.png, id=21, 843.15pt x 860.21375pt>
File: width_t2.png Graphic file (type png)
 <use width_t2.png>
Package pdftex.def Info: width_t2.png used on input line 124.
(pdftex.def)             Requested size: 189.75105pt x 193.59224pt.

Overfull \hbox (17.25105pt too wide) in paragraph at lines 124--125
 [][] 
 []

<width_t3.png, id=22, 843.15pt x 860.21375pt>
File: width_t3.png Graphic file (type png)
 <use width_t3.png>
Package pdftex.def Info: width_t3.png used on input line 130.
(pdftex.def)             Requested size: 189.75105pt x 193.59224pt.

Overfull \hbox (17.25105pt too wide) in paragraph at lines 130--131
 [][] 
 []

[2 <./rodri.png>] [3 <./circ_dam_t0.png> <./circ_dam_t1.png> <./circ_dam_t2.png
> <./circ_dam_t3.png>] [4 <./rodri2.png>] [5 <./width_t0.png (PNG copy)> <./wid
th_t1.png (PNG copy)> <./width_t2.png (PNG copy)> <./width_t3.png (PNG copy)>]
<wc_t0.png, id=43, 602.25pt x 740.7675pt>
File: wc_t0.png Graphic file (type png)
 <use wc_t0.png>
Package pdftex.def Info: wc_t0.png used on input line 148.
(pdftex.def)             Requested size: 138.00052pt x 169.73996pt.

<wc_t1.png, id=44, 602.25pt x 740.7675pt>
File: wc_t1.png Graphic file (type png)
 <use wc_t1.png>
Package pdftex.def Info: wc_t1.png used on input line 154.
(pdftex.def)             Requested size: 138.00052pt x 169.73996pt.

<wc_t2.png, id=45, 602.25pt x 740.7675pt>
File: wc_t2.png Graphic file (type png)
 <use wc_t2.png>
Package pdftex.def Info: wc_t2.png used on input line 160.
(pdftex.def)             Requested size: 138.00052pt x 169.73996pt.

<wc_t3.png, id=46, 602.25pt x 740.7675pt>
File: wc_t3.png Graphic file (type png)
 <use wc_t3.png>
Package pdftex.def Info: wc_t3.png used on input line 166.
(pdftex.def)             Requested size: 138.00052pt x 169.73996pt.

Overfull \hbox (15.988pt too wide) in paragraph at lines 175--175
[]\OT1/cmr/bx/n/14.4 Rectangular Dam Break Col-lapse us-ing Newton-
 []

[6 <./wc_t0.png (PNG copy)> <./wc_t1.png (PNG copy)> <./wc_t2.png (PNG copy)> <
./wc_t3.png (PNG copy)>] <vishnu_rectdam.png, id=50, 843.15pt x 860.21375pt>
File: vishnu_rectdam.png Graphic file (type png)

<use vishnu_rectdam.png>
Package pdftex.def Info: vishnu_rectdam.png used on input line 185.
(pdftex.def)             Requested size: 138.00052pt x 140.7872pt.
 <my_rectdam.png, id=51, 1075.01625pt x 860.21375pt>
File: my_rectdam.png Graphic file (type png)

<use my_rectdam.png>
Package pdftex.def Info: my_rectdam.png used on input line 191.
(pdftex.def)             Requested size: 172.5pt x 138.03078pt.
 [7 <./vishnu_rectdam.png (PNG copy)> <./my_rectdam.png (PNG copy)>]
Underfull \hbox (badness 10000) in paragraph at lines 201--206

 []

<depth_gate.png, id=56, 462.528pt x 346.896pt>
File: depth_gate.png Graphic file (type png)
 <use depth_gate.png>
Package pdftex.def Info: depth_gate.png used on input line 211.
(pdftex.def)             Requested size: 189.75105pt x 142.31296pt.

Overfull \hbox (17.25105pt too wide) in paragraph at lines 211--212
 [][] 
 []

<Vel_gate.png, id=57, 462.528pt x 346.896pt>
File: Vel_gate.png Graphic file (type png)
 <use Vel_gate.png>
Package pdftex.def Info: Vel_gate.png used on input line 217.
(pdftex.def)             Requested size: 189.75105pt x 142.31296pt.

Overfull \hbox (17.25105pt too wide) in paragraph at lines 217--218
 [][] 
 []

<wavefront_position_anal_is_from_rodri.png, id=58, 462.528pt x 346.896pt>
File: wavefront_position_anal_is_from_rodri.png Graphic file (type png)

<use wavefront_position_anal_is_from_rodri.png>
Package pdftex.def Info: wavefront_position_anal_is_from_rodri.png used on inpu
t line 223.
(pdftex.def)             Requested size: 189.75105pt x 142.31296pt.

Overfull \hbox (17.25105pt too wide) in paragraph at lines 223--224
 [][] 
 []

[8 <./depth_gate.png> <./Vel_gate.png> <./wavefront_position_anal_is_from_rodri
.png>] <depth_pos_01.png, id=65, 462.528pt x 346.896pt>
File: depth_pos_01.png Graphic file (type png)
 <use depth_pos_01.png>
Package pdftex.def Info: depth_pos_01.png used on input line 248.
(pdftex.def)             Requested size: 189.75105pt x 142.31296pt.

Overfull \hbox (17.25105pt too wide) in paragraph at lines 248--249
 [][] 
 []

<depth_pos_02.png, id=66, 462.528pt x 346.896pt>
File: depth_pos_02.png Graphic file (type png)
 <use depth_pos_02.png>
Package pdftex.def Info: depth_pos_02.png used on input line 254.
(pdftex.def)             Requested size: 189.75105pt x 142.31296pt.

Overfull \hbox (17.25105pt too wide) in paragraph at lines 254--255
 [][] 
 []

<depth_pos_04.png, id=67, 462.528pt x 346.896pt>
File: depth_pos_04.png Graphic file (type png)
 <use depth_pos_04.png>
Package pdftex.def Info: depth_pos_04.png used on input line 260.
(pdftex.def)             Requested size: 189.75105pt x 142.31296pt.

Overfull \hbox (17.25105pt too wide) in paragraph at lines 260--261
 [][] 
 []

<depth_pos_06.png, id=68, 462.528pt x 346.896pt>
File: depth_pos_06.png Graphic file (type png)
 <use depth_pos_06.png>
Package pdftex.def Info: depth_pos_06.png used on input line 266.
(pdftex.def)             Requested size: 189.75105pt x 142.31296pt.

Overfull \hbox (17.25105pt too wide) in paragraph at lines 266--267
 [][] 
 []

[9 <./depth_pos_01.png> <./depth_pos_02.png> <./depth_pos_04.png> <./depth_pos_
06.png>] (./report.aux)

LaTeX Warning: There were multiply-defined labels.

 ) 
Here is how much of TeX's memory you used:
 3656 strings out of 493014
 56210 string characters out of 6133352
 120330 words of memory out of 5000000
 7158 multiletter control sequences out of 15000+600000
 5603 words of font info for 21 fonts, out of 8000000 for 9000
 1141 hyphenation exceptions out of 8191
 42i,10n,40p,270b,448s stack positions out of 5000i,500n,10000p,200000b,80000s
</usr/local/texlive/2016/texmf-dist/fonts/type1/public/amsfonts/cm/cmbx12.pfb
></usr/local/texlive/2016/texmf-dist/fonts/type1/public/amsfonts/cm/cmex10.pfb>
</usr/local/texlive/2016/texmf-dist/fonts/type1/public/amsfonts/cm/cmmi10.pfb><
/usr/local/texlive/2016/texmf-dist/fonts/type1/public/amsfonts/cm/cmmi7.pfb></u
sr/local/texlive/2016/texmf-dist/fonts/type1/public/amsfonts/cm/cmr10.pfb></usr
/local/texlive/2016/texmf-dist/fonts/type1/public/amsfonts/cm/cmr7.pfb></usr/lo
cal/texlive/2016/texmf-dist/fonts/type1/public/amsfonts/cm/cmr9.pfb></usr/local
/texlive/2016/texmf-dist/fonts/type1/public/amsfonts/cm/cmsy10.pfb>
Output written on report.pdf (9 pages, 2015188 bytes).
PDF statistics:
 105 PDF objects out of 1000 (max. 8388607)
 47 compressed objects within 1 object stream
 0 named destinations out of 1000 (max. 500000)
 126 words of extra memory for PDF output out of 10000 (max. 10000000)

