INFO|2017-12-26 00:09:58,449|pysph.solver.application|Running on Dileeps-MacBook-Air.local with address Dileeps-MacBook-Air.local
INFO|2017-12-26 00:09:58,458|pysph.solver.application|Generating output in /Users/dileep/Desktop/My_SWESPH_Work/test_slope
INFO|2017-12-26 00:09:58,462|pysph.solver.solver|Using equations:
----------------------------------------------------------------------
[
Group(equations=[
InitialGuessDensity(dim=2, dest='fluid', sources=['fluid']),
UpdateSmoothingLength(h0=0.0115, dim=2, dest='fluid', sources=None)
    ],
    real=True, update_nnps=True, iterate=False, max_iterations=1, min_iterations=0),
Group(equations=[
Group(equations=[
CorrectionFactorVariableSmoothingLength(dest='fluid', sources=['fluid']),
SummationDensity(dest='fluid', sources=['fluid']),
DensityResidual(dest='fluid', sources=None),
DensityNewtonRaphsonIteration(dim=2, dest='fluid', sources=None)
    ],
    real=True, update_nnps=False, iterate=False, max_iterations=1, min_iterations=0),
Group(equations=[
UpdateSmoothingLength(h0=0.0115, dim=2, dest='fluid', sources=None)
    ],
    real=True, update_nnps=True, iterate=False, max_iterations=1, min_iterations=0),
Group(equations=[
SummationDensity(dest='fluid', sources=['fluid'])
    ],
    real=True, update_nnps=False, iterate=False, max_iterations=1, min_iterations=0),
Group(equations=[
DensityResidual(dest='fluid', sources=None),
CheckConvergence(dest='fluid', sources=None)
    ],
    real=True, update_nnps=False, iterate=False, max_iterations=1, min_iterations=0)
    ],
    real=True, update_nnps=False, iterate=True, max_iterations=100, min_iterations=0),
Group(equations=[
CorrectionFactorVariableSmoothingLength(dest='fluid', sources=['fluid'])
    ],
    real=True, update_nnps=False, iterate=False, max_iterations=1, min_iterations=0),
Group(equations=[
SWEOS(dest='fluid', sources=None, g=9.81, rhow=1000.0),
ParticleAccelerations(dim=2, dest='fluid', sources=['fluid'])
    ],
    real=True, update_nnps=False, iterate=False, max_iterations=1, min_iterations=0)
]
----------------------------------------------------------------------
INFO|2017-12-26 00:09:58,462|pysph.solver.solver|Using integrator:
----------------------------------------------------------------------
  EulerIntegrator(fluid=EulerStep())
----------------------------------------------------------------------
INFO|2017-12-26 00:09:58,724|pysph.solver.application|started multiprocessing interface on ('0.0.0.0', 8800)
INFO|2017-12-26 00:09:58,724|pysph.solver.application|Setup took: 5.28213 secs
INFO|2017-12-26 00:09:58,810|pysph.solver.solver|Writing output at time 0, iteration 0, dt = 0.0001
INFO|2017-12-26 00:10:14,235|pysph.solver.solver|Writing output at time 0.01, iteration 100, dt = 0.0001
INFO|2017-12-26 00:10:33,305|pysph.solver.solver|Writing output at time 0.02, iteration 200, dt = 0.0001
INFO|2017-12-26 00:10:54,269|pysph.solver.solver|Writing output at time 0.03, iteration 300, dt = 0.0001
INFO|2017-12-26 00:11:17,676|pysph.solver.solver|Writing output at time 0.04, iteration 400, dt = 0.0001
INFO|2017-12-26 00:11:42,481|pysph.solver.solver|Writing output at time 0.05, iteration 500, dt = 0.0001
INFO|2017-12-26 00:12:08,987|pysph.solver.solver|Writing output at time 0.06, iteration 600, dt = 0.0001
INFO|2017-12-26 00:12:37,263|pysph.solver.solver|Writing output at time 0.07, iteration 700, dt = 0.0001
INFO|2017-12-26 00:13:07,120|pysph.solver.solver|Writing output at time 0.08, iteration 800, dt = 0.0001
INFO|2017-12-26 00:13:38,462|pysph.solver.solver|Writing output at time 0.09, iteration 900, dt = 0.0001
INFO|2017-12-26 00:14:10,931|pysph.solver.solver|Writing output at time 0.1, iteration 1000, dt = 0.0001
INFO|2017-12-26 00:14:39,627|pysph.solver.solver|Writing output at time 0.11, iteration 1100, dt = 0.0001
INFO|2017-12-26 00:15:08,922|pysph.solver.solver|Writing output at time 0.12, iteration 1200, dt = 0.0001
INFO|2017-12-26 00:15:38,877|pysph.solver.solver|Writing output at time 0.13, iteration 1300, dt = 0.0001
INFO|2017-12-26 00:16:09,152|pysph.solver.solver|Writing output at time 0.14, iteration 1400, dt = 0.0001
INFO|2017-12-26 00:16:39,865|pysph.solver.solver|Writing output at time 0.15, iteration 1500, dt = 0.0001
INFO|2017-12-26 00:17:10,819|pysph.solver.solver|Writing output at time 0.16, iteration 1600, dt = 0.0001
INFO|2017-12-26 00:17:41,819|pysph.solver.solver|Writing output at time 0.17, iteration 1700, dt = 0.0001
INFO|2017-12-26 00:18:12,941|pysph.solver.solver|Writing output at time 0.18, iteration 1800, dt = 0.0001
INFO|2017-12-26 00:18:44,034|pysph.solver.solver|Writing output at time 0.19, iteration 1900, dt = 0.0001
INFO|2017-12-26 00:19:15,084|pysph.solver.solver|Writing output at time 0.2, iteration 2000, dt = 0.0001
INFO|2017-12-26 00:19:45,896|pysph.solver.solver|Writing output at time 0.21, iteration 2100, dt = 0.0001
INFO|2017-12-26 00:20:16,630|pysph.solver.solver|Writing output at time 0.22, iteration 2200, dt = 0.0001
INFO|2017-12-26 00:20:47,920|pysph.solver.solver|Writing output at time 0.23, iteration 2300, dt = 0.0001
INFO|2017-12-26 00:21:18,540|pysph.solver.solver|Writing output at time 0.24, iteration 2400, dt = 0.0001
INFO|2017-12-26 00:21:49,082|pysph.solver.solver|Writing output at time 0.25, iteration 2500, dt = 0.0001
INFO|2017-12-26 00:22:19,391|pysph.solver.solver|Writing output at time 0.26, iteration 2600, dt = 0.0001
INFO|2017-12-26 00:22:49,697|pysph.solver.solver|Writing output at time 0.27, iteration 2700, dt = 0.0001
INFO|2017-12-26 00:23:19,741|pysph.solver.solver|Writing output at time 0.28, iteration 2800, dt = 0.0001
INFO|2017-12-26 00:23:49,632|pysph.solver.solver|Writing output at time 0.29, iteration 2900, dt = 0.0001
INFO|2017-12-26 00:24:19,493|pysph.solver.solver|Writing output at time 0.3, iteration 3000, dt = 0.0001
INFO|2017-12-26 00:24:49,766|pysph.solver.solver|Writing output at time 0.31, iteration 3100, dt = 0.0001
INFO|2017-12-26 00:25:19,447|pysph.solver.solver|Writing output at time 0.32, iteration 3200, dt = 0.0001
INFO|2017-12-26 00:25:48,808|pysph.solver.solver|Writing output at time 0.33, iteration 3300, dt = 0.0001
INFO|2017-12-26 00:26:17,936|pysph.solver.solver|Writing output at time 0.34, iteration 3400, dt = 0.0001
INFO|2017-12-26 00:26:46,968|pysph.solver.solver|Writing output at time 0.35, iteration 3500, dt = 0.0001
INFO|2017-12-26 00:27:15,862|pysph.solver.solver|Writing output at time 0.36, iteration 3600, dt = 0.0001
INFO|2017-12-26 00:27:44,581|pysph.solver.solver|Writing output at time 0.37, iteration 3700, dt = 0.0001
INFO|2017-12-26 00:28:13,133|pysph.solver.solver|Writing output at time 0.38, iteration 3800, dt = 0.0001
INFO|2017-12-26 00:28:41,600|pysph.solver.solver|Writing output at time 0.39, iteration 3900, dt = 0.0001
INFO|2017-12-26 00:29:10,094|pysph.solver.solver|Writing output at time 0.4, iteration 4000, dt = 0.0001
INFO|2017-12-26 00:29:38,156|pysph.solver.solver|Writing output at time 0.41, iteration 4100, dt = 0.0001
INFO|2017-12-26 00:30:07,048|pysph.solver.solver|Writing output at time 0.42, iteration 4200, dt = 0.0001
INFO|2017-12-26 00:30:35,167|pysph.solver.solver|Writing output at time 0.43, iteration 4300, dt = 0.0001
INFO|2017-12-26 00:31:03,081|pysph.solver.solver|Writing output at time 0.44, iteration 4400, dt = 0.0001
INFO|2017-12-26 00:31:30,928|pysph.solver.solver|Writing output at time 0.45, iteration 4500, dt = 0.0001
INFO|2017-12-26 00:32:00,604|pysph.solver.solver|Writing output at time 0.46, iteration 4600, dt = 0.0001
INFO|2017-12-26 00:32:28,562|pysph.solver.solver|Writing output at time 0.47, iteration 4700, dt = 0.0001
INFO|2017-12-26 00:32:56,244|pysph.solver.solver|Writing output at time 0.48, iteration 4800, dt = 0.0001
INFO|2017-12-26 00:33:23,294|pysph.solver.solver|Writing output at time 0.49, iteration 4900, dt = 0.0001
INFO|2017-12-26 00:33:50,281|pysph.solver.solver|Writing output at time 0.5, iteration 5000, dt = 0.0001
INFO|2017-12-26 00:34:17,063|pysph.solver.solver|Writing output at time 0.51, iteration 5100, dt = 0.0001
INFO|2017-12-26 00:34:43,644|pysph.solver.solver|Writing output at time 0.52, iteration 5200, dt = 0.0001
INFO|2017-12-26 00:35:10,337|pysph.solver.solver|Writing output at time 0.53, iteration 5300, dt = 0.0001
INFO|2017-12-26 00:35:36,746|pysph.solver.solver|Writing output at time 0.54, iteration 5400, dt = 0.0001
INFO|2017-12-26 00:36:02,917|pysph.solver.solver|Writing output at time 0.55, iteration 5500, dt = 0.0001
INFO|2017-12-26 00:36:29,008|pysph.solver.solver|Writing output at time 0.56, iteration 5600, dt = 0.0001
INFO|2017-12-26 00:36:55,161|pysph.solver.solver|Writing output at time 0.57, iteration 5700, dt = 0.0001
INFO|2017-12-26 00:37:21,005|pysph.solver.solver|Writing output at time 0.58, iteration 5800, dt = 0.0001
INFO|2017-12-26 00:37:46,837|pysph.solver.solver|Writing output at time 0.59, iteration 5900, dt = 0.0001
INFO|2017-12-26 00:38:12,438|pysph.solver.solver|Writing output at time 0.6, iteration 6000, dt = 0.0001
INFO|2017-12-26 00:38:38,007|pysph.solver.solver|Writing output at time 0.61, iteration 6100, dt = 0.0001
INFO|2017-12-26 00:39:03,347|pysph.solver.solver|Writing output at time 0.62, iteration 6200, dt = 0.0001
INFO|2017-12-26 00:39:28,515|pysph.solver.solver|Writing output at time 0.63, iteration 6300, dt = 0.0001
INFO|2017-12-26 00:39:53,588|pysph.solver.solver|Writing output at time 0.64, iteration 6400, dt = 0.0001
INFO|2017-12-26 00:40:18,578|pysph.solver.solver|Writing output at time 0.65, iteration 6500, dt = 0.0001
INFO|2017-12-26 00:40:43,443|pysph.solver.solver|Writing output at time 0.66, iteration 6600, dt = 0.0001
INFO|2017-12-26 00:41:08,189|pysph.solver.solver|Writing output at time 0.67, iteration 6700, dt = 0.0001
INFO|2017-12-26 00:41:32,744|pysph.solver.solver|Writing output at time 0.68, iteration 6800, dt = 0.0001
INFO|2017-12-26 00:41:57,035|pysph.solver.solver|Writing output at time 0.69, iteration 6900, dt = 0.0001
INFO|2017-12-26 00:42:21,390|pysph.solver.solver|Writing output at time 0.7, iteration 7000, dt = 0.0001
INFO|2017-12-26 00:42:45,491|pysph.solver.solver|Writing output at time 0.71, iteration 7100, dt = 0.0001
INFO|2017-12-26 00:43:09,500|pysph.solver.solver|Writing output at time 0.72, iteration 7200, dt = 0.0001
INFO|2017-12-26 00:43:33,453|pysph.solver.solver|Writing output at time 0.73, iteration 7300, dt = 0.0001
INFO|2017-12-26 00:43:57,217|pysph.solver.solver|Writing output at time 0.74, iteration 7400, dt = 0.0001
INFO|2017-12-26 00:44:20,877|pysph.solver.solver|Writing output at time 0.75, iteration 7500, dt = 0.0001
INFO|2017-12-26 00:44:44,367|pysph.solver.solver|Writing output at time 0.76, iteration 7600, dt = 0.0001
INFO|2017-12-26 00:45:07,915|pysph.solver.solver|Writing output at time 0.77, iteration 7700, dt = 0.0001
INFO|2017-12-26 00:45:31,066|pysph.solver.solver|Writing output at time 0.78, iteration 7800, dt = 0.0001
INFO|2017-12-26 00:45:53,996|pysph.solver.solver|Writing output at time 0.79, iteration 7900, dt = 0.0001
INFO|2017-12-26 00:46:16,728|pysph.solver.solver|Writing output at time 0.8, iteration 8000, dt = 0.0001
INFO|2017-12-26 00:46:39,267|pysph.solver.solver|Writing output at time 0.81, iteration 8100, dt = 0.0001
INFO|2017-12-26 00:47:01,671|pysph.solver.solver|Writing output at time 0.82, iteration 8200, dt = 0.0001
INFO|2017-12-26 00:47:24,011|pysph.solver.solver|Writing output at time 0.83, iteration 8300, dt = 0.0001
INFO|2017-12-26 00:47:46,084|pysph.solver.solver|Writing output at time 0.84, iteration 8400, dt = 0.0001
INFO|2017-12-26 00:48:08,078|pysph.solver.solver|Writing output at time 0.85, iteration 8500, dt = 0.0001
INFO|2017-12-26 00:48:30,084|pysph.solver.solver|Writing output at time 0.86, iteration 8600, dt = 0.0001
INFO|2017-12-26 00:48:52,102|pysph.solver.solver|Writing output at time 0.87, iteration 8700, dt = 0.0001
INFO|2017-12-26 00:49:13,961|pysph.solver.solver|Writing output at time 0.88, iteration 8800, dt = 0.0001
INFO|2017-12-26 00:49:35,861|pysph.solver.solver|Writing output at time 0.89, iteration 8900, dt = 0.0001
INFO|2017-12-26 00:49:57,795|pysph.solver.solver|Writing output at time 0.9, iteration 9000, dt = 0.0001
INFO|2017-12-26 00:50:23,260|pysph.solver.solver|Writing output at time 0.91, iteration 9100, dt = 0.0001
INFO|2017-12-26 00:50:45,085|pysph.solver.solver|Writing output at time 0.92, iteration 9200, dt = 0.0001
INFO|2017-12-26 00:51:07,091|pysph.solver.solver|Writing output at time 0.93, iteration 9300, dt = 0.0001
INFO|2017-12-26 00:51:28,877|pysph.solver.solver|Writing output at time 0.94, iteration 9400, dt = 0.0001
INFO|2017-12-26 00:51:50,904|pysph.solver.solver|Writing output at time 0.95, iteration 9500, dt = 0.0001
INFO|2017-12-26 00:52:13,007|pysph.solver.solver|Writing output at time 0.96, iteration 9600, dt = 0.0001
INFO|2017-12-26 00:52:34,892|pysph.solver.solver|Writing output at time 0.97, iteration 9700, dt = 0.0001
INFO|2017-12-26 00:52:57,593|pysph.solver.solver|Writing output at time 0.98, iteration 9800, dt = 0.0001
INFO|2017-12-26 00:53:19,463|pysph.solver.solver|Writing output at time 0.99, iteration 9900, dt = 0.0001
INFO|2017-12-26 00:53:41,486|pysph.solver.solver|Writing output at time 1, iteration 10000, dt = 0.0001
INFO|2017-12-26 00:54:03,312|pysph.solver.solver|Writing output at time 1.01, iteration 10100, dt = 0.0001
INFO|2017-12-26 00:54:25,854|pysph.solver.solver|Writing output at time 1.02, iteration 10200, dt = 0.0001
INFO|2017-12-26 00:54:48,875|pysph.solver.solver|Writing output at time 1.03, iteration 10300, dt = 0.0001
INFO|2017-12-26 00:55:13,078|pysph.solver.solver|Writing output at time 1.04, iteration 10400, dt = 0.0001
INFO|2017-12-26 00:55:38,088|pysph.solver.solver|Writing output at time 1.05, iteration 10500, dt = 0.0001
INFO|2017-12-26 00:56:03,189|pysph.solver.solver|Writing output at time 1.06, iteration 10600, dt = 0.0001
INFO|2017-12-26 00:56:28,294|pysph.solver.solver|Writing output at time 1.07, iteration 10700, dt = 0.0001
INFO|2017-12-26 00:56:53,233|pysph.solver.solver|Writing output at time 1.08, iteration 10800, dt = 0.0001
INFO|2017-12-26 00:57:18,161|pysph.solver.solver|Writing output at time 1.09, iteration 10900, dt = 0.0001
INFO|2017-12-26 00:57:43,098|pysph.solver.solver|Writing output at time 1.1, iteration 11000, dt = 0.0001
INFO|2017-12-26 00:58:07,891|pysph.solver.solver|Writing output at time 1.11, iteration 11100, dt = 0.0001
INFO|2017-12-26 00:58:32,677|pysph.solver.solver|Writing output at time 1.12, iteration 11200, dt = 0.0001
INFO|2017-12-26 00:58:57,587|pysph.solver.solver|Writing output at time 1.13, iteration 11300, dt = 0.0001
INFO|2017-12-26 00:59:22,984|pysph.solver.solver|Writing output at time 1.14, iteration 11400, dt = 0.0001
INFO|2017-12-26 00:59:47,943|pysph.solver.solver|Writing output at time 1.15, iteration 11500, dt = 0.0001
INFO|2017-12-26 01:00:12,865|pysph.solver.solver|Writing output at time 1.16, iteration 11600, dt = 0.0001
INFO|2017-12-26 01:00:37,615|pysph.solver.solver|Writing output at time 1.17, iteration 11700, dt = 0.0001
INFO|2017-12-26 01:01:02,330|pysph.solver.solver|Writing output at time 1.18, iteration 11800, dt = 0.0001
INFO|2017-12-26 01:01:27,043|pysph.solver.solver|Writing output at time 1.19, iteration 11900, dt = 0.0001
INFO|2017-12-26 01:01:51,917|pysph.solver.solver|Writing output at time 1.2, iteration 12000, dt = 0.0001
INFO|2017-12-26 01:02:16,781|pysph.solver.solver|Writing output at time 1.21, iteration 12100, dt = 0.0001
INFO|2017-12-26 01:02:41,336|pysph.solver.solver|Writing output at time 1.22, iteration 12200, dt = 0.0001
INFO|2017-12-26 01:03:06,473|pysph.solver.solver|Writing output at time 1.23, iteration 12300, dt = 0.0001
INFO|2017-12-26 01:03:40,480|pysph.solver.solver|Writing output at time 1.24, iteration 12400, dt = 0.0001
INFO|2017-12-26 01:04:05,629|pysph.solver.solver|Writing output at time 1.25, iteration 12500, dt = 0.0001
INFO|2017-12-26 01:04:33,455|pysph.solver.solver|Writing output at time 1.26, iteration 12600, dt = 0.0001
INFO|2017-12-26 01:05:01,077|pysph.solver.solver|Writing output at time 1.27, iteration 12700, dt = 0.0001
INFO|2017-12-26 01:05:27,763|pysph.solver.solver|Writing output at time 1.28, iteration 12800, dt = 0.0001
INFO|2017-12-26 01:05:54,450|pysph.solver.solver|Writing output at time 1.29, iteration 12900, dt = 0.0001
INFO|2017-12-26 01:06:22,235|pysph.solver.solver|Writing output at time 1.3, iteration 13000, dt = 0.0001
INFO|2017-12-26 01:06:48,789|pysph.solver.solver|Writing output at time 1.31, iteration 13100, dt = 0.0001
INFO|2017-12-26 01:07:16,328|pysph.solver.solver|Writing output at time 1.32, iteration 13200, dt = 0.0001
INFO|2017-12-26 01:07:43,920|pysph.solver.solver|Writing output at time 1.33, iteration 13300, dt = 0.0001
INFO|2017-12-26 01:08:10,378|pysph.solver.solver|Writing output at time 1.34, iteration 13400, dt = 0.0001
INFO|2017-12-26 01:08:35,216|pysph.solver.solver|Writing output at time 1.35, iteration 13500, dt = 0.0001
INFO|2017-12-26 01:09:02,101|pysph.solver.solver|Writing output at time 1.36, iteration 13600, dt = 0.0001
INFO|2017-12-26 01:09:27,139|pysph.solver.solver|Writing output at time 1.37, iteration 13700, dt = 0.0001
INFO|2017-12-26 01:09:53,750|pysph.solver.solver|Writing output at time 1.38, iteration 13800, dt = 0.0001
INFO|2017-12-26 01:10:23,661|pysph.solver.solver|Writing output at time 1.39, iteration 13900, dt = 0.0001
INFO|2017-12-26 01:10:53,194|pysph.solver.solver|Writing output at time 1.4, iteration 14000, dt = 0.0001
INFO|2017-12-26 01:11:23,812|pysph.solver.solver|Writing output at time 1.41, iteration 14100, dt = 0.0001
INFO|2017-12-26 01:11:57,810|pysph.solver.solver|Writing output at time 1.42, iteration 14200, dt = 0.0001
INFO|2017-12-26 01:12:33,792|pysph.solver.solver|Writing output at time 1.43, iteration 14300, dt = 0.0001
INFO|2017-12-26 01:13:10,475|pysph.solver.solver|Writing output at time 1.44, iteration 14400, dt = 0.0001
INFO|2017-12-26 01:13:51,131|pysph.solver.solver|Writing output at time 1.45, iteration 14500, dt = 0.0001
INFO|2017-12-26 01:14:32,565|pysph.solver.solver|Writing output at time 1.46, iteration 14600, dt = 0.0001
INFO|2017-12-26 01:15:11,098|pysph.solver.solver|Writing output at time 1.47, iteration 14700, dt = 0.0001
INFO|2017-12-26 01:15:50,817|pysph.solver.solver|Writing output at time 1.48, iteration 14800, dt = 0.0001
INFO|2017-12-26 01:16:31,711|pysph.solver.solver|Writing output at time 1.49, iteration 14900, dt = 0.0001
INFO|2017-12-26 01:17:12,450|pysph.solver.solver|Writing output at time 1.5, iteration 15000, dt = 0.0001
INFO|2017-12-26 01:17:53,837|pysph.solver.solver|Writing output at time 1.51, iteration 15100, dt = 0.0001
INFO|2017-12-26 01:18:38,760|pysph.solver.solver|Writing output at time 1.52, iteration 15200, dt = 0.0001
INFO|2017-12-26 01:19:21,841|pysph.solver.solver|Writing output at time 1.53, iteration 15300, dt = 0.0001
INFO|2017-12-26 01:20:19,481|pysph.solver.solver|Writing output at time 1.54, iteration 15400, dt = 0.0001
INFO|2017-12-26 01:21:04,022|pysph.solver.solver|Writing output at time 1.55, iteration 15500, dt = 0.0001
INFO|2017-12-26 01:21:49,070|pysph.solver.solver|Writing output at time 1.56, iteration 15600, dt = 0.0001
INFO|2017-12-26 01:22:34,176|pysph.solver.solver|Writing output at time 1.57, iteration 15700, dt = 0.0001
INFO|2017-12-26 01:23:19,235|pysph.solver.solver|Writing output at time 1.58, iteration 15800, dt = 0.0001
INFO|2017-12-26 01:24:04,692|pysph.solver.solver|Writing output at time 1.59, iteration 15900, dt = 0.0001
INFO|2017-12-26 01:24:50,594|pysph.solver.solver|Writing output at time 1.6, iteration 16000, dt = 0.0001
INFO|2017-12-26 01:25:36,388|pysph.solver.solver|Writing output at time 1.61, iteration 16100, dt = 0.0001
INFO|2017-12-26 01:26:27,472|pysph.solver.solver|Writing output at time 1.62, iteration 16200, dt = 0.0001
INFO|2017-12-26 01:27:15,561|pysph.solver.solver|Writing output at time 1.63, iteration 16300, dt = 0.0001
INFO|2017-12-26 01:28:02,621|pysph.solver.solver|Writing output at time 1.64, iteration 16400, dt = 0.0001
INFO|2017-12-26 01:28:50,348|pysph.solver.solver|Writing output at time 1.65, iteration 16500, dt = 0.0001
INFO|2017-12-26 01:29:40,404|pysph.solver.solver|Writing output at time 1.66, iteration 16600, dt = 0.0001
INFO|2017-12-26 01:30:32,067|pysph.solver.solver|Writing output at time 1.67, iteration 16700, dt = 0.0001
INFO|2017-12-26 01:31:20,898|pysph.solver.solver|Writing output at time 1.68, iteration 16800, dt = 0.0001
INFO|2017-12-26 01:32:09,862|pysph.solver.solver|Writing output at time 1.69, iteration 16900, dt = 0.0001
INFO|2017-12-26 01:32:59,588|pysph.solver.solver|Writing output at time 1.7, iteration 17000, dt = 0.0001
INFO|2017-12-26 01:33:48,947|pysph.solver.solver|Writing output at time 1.71, iteration 17100, dt = 0.0001
INFO|2017-12-26 01:34:38,241|pysph.solver.solver|Writing output at time 1.72, iteration 17200, dt = 0.0001
INFO|2017-12-26 01:35:26,939|pysph.solver.solver|Writing output at time 1.73, iteration 17300, dt = 0.0001
INFO|2017-12-26 01:36:15,510|pysph.solver.solver|Writing output at time 1.74, iteration 17400, dt = 0.0001
INFO|2017-12-26 01:37:03,734|pysph.solver.solver|Writing output at time 1.75, iteration 17500, dt = 0.0001
INFO|2017-12-26 01:37:51,812|pysph.solver.solver|Writing output at time 1.76, iteration 17600, dt = 0.0001
INFO|2017-12-26 01:38:39,477|pysph.solver.solver|Writing output at time 1.77, iteration 17700, dt = 0.0001
INFO|2017-12-26 01:39:26,943|pysph.solver.solver|Writing output at time 1.78, iteration 17800, dt = 0.0001
INFO|2017-12-26 01:40:12,857|pysph.solver.solver|Writing output at time 1.79, iteration 17900, dt = 0.0001
INFO|2017-12-26 01:40:53,919|pysph.solver.solver|Writing output at time 1.8, iteration 18000, dt = 0.0001
INFO|2017-12-26 01:41:38,399|pysph.solver.solver|Writing output at time 1.81, iteration 18100, dt = 0.0001
INFO|2017-12-26 01:42:24,124|pysph.solver.solver|Writing output at time 1.82, iteration 18200, dt = 0.0001
INFO|2017-12-26 01:43:07,839|pysph.solver.solver|Writing output at time 1.83, iteration 18300, dt = 0.0001
INFO|2017-12-26 01:43:48,527|pysph.solver.solver|Writing output at time 1.84, iteration 18400, dt = 0.0001
INFO|2017-12-26 01:44:30,412|pysph.solver.solver|Writing output at time 1.85, iteration 18500, dt = 0.0001
INFO|2017-12-26 01:45:18,546|pysph.solver.solver|Writing output at time 1.86, iteration 18600, dt = 0.0001
INFO|2017-12-26 01:46:06,121|pysph.solver.solver|Writing output at time 1.87, iteration 18700, dt = 0.0001
INFO|2017-12-26 01:46:53,407|pysph.solver.solver|Writing output at time 1.88, iteration 18800, dt = 0.0001
INFO|2017-12-26 01:47:35,584|pysph.solver.solver|Writing output at time 1.89, iteration 18900, dt = 0.0001
INFO|2017-12-26 01:48:15,565|pysph.solver.solver|Writing output at time 1.9, iteration 19000, dt = 0.0001
INFO|2017-12-26 01:48:55,711|pysph.solver.solver|Writing output at time 1.91, iteration 19100, dt = 0.0001
INFO|2017-12-26 01:49:36,704|pysph.solver.solver|Writing output at time 1.92, iteration 19200, dt = 0.0001
INFO|2017-12-26 01:50:17,259|pysph.solver.solver|Writing output at time 1.93, iteration 19300, dt = 0.0001
INFO|2017-12-26 01:50:57,537|pysph.solver.solver|Writing output at time 1.94, iteration 19400, dt = 0.0001
INFO|2017-12-26 01:51:38,215|pysph.solver.solver|Writing output at time 1.95, iteration 19500, dt = 0.0001
INFO|2017-12-26 01:52:19,111|pysph.solver.solver|Writing output at time 1.96, iteration 19600, dt = 0.0001
INFO|2017-12-26 01:53:06,194|pysph.solver.solver|Writing output at time 1.97, iteration 19700, dt = 0.0001
INFO|2017-12-26 01:53:54,347|pysph.solver.solver|Writing output at time 1.98, iteration 19800, dt = 0.0001
INFO|2017-12-26 01:54:42,014|pysph.solver.solver|Writing output at time 1.99, iteration 19900, dt = 0.0001
INFO|2017-12-26 01:55:31,226|pysph.solver.solver|Writing output at time 2, iteration 20000, dt = 0.0001
INFO|2017-12-26 01:55:31,249|pysph.solver.application|Run took: 6332.43876 secs
