INFO|2018-01-16 20:35:16,171|pysph.solver.application|Running on Dileeps-MacBook-Air.local with address 192.168.1.108
INFO|2018-01-16 20:35:16,179|pysph.solver.application|Generating output in /Users/dileep/Desktop/My_SWESPH_Work/RectangularDamBreak_Slopingbed_output
INFO|2018-01-16 20:35:16,183|pysph.solver.solver|Using equations:
----------------------------------------------------------------------
[
Group(equations=[
InitialGuessDensity(dim=2, dest='fluid', sources=['fluid']),
UpdateSmoothingLength(h0=0.057499999999999996, dim=2, dest='fluid', sources=None)
    ],
    real=True, update_nnps=True, iterate=False, max_iterations=1, min_iterations=0),
Group(equations=[
Group(equations=[
CorrectionFactorVariableSmoothingLength(dest='fluid', sources=['fluid']),
SummationDensity(dest='fluid', sources=['fluid']),
DensityResidual(dest='fluid', sources=None),
DensityNewtonRaphsonIteration(dim=2, dest='fluid', sources=None)
    ],
    real=True, update_nnps=False, iterate=False, max_iterations=1, min_iterations=0),
Group(equations=[
UpdateSmoothingLength(h0=0.057499999999999996, dim=2, dest='fluid', sources=None)
    ],
    real=True, update_nnps=True, iterate=False, max_iterations=1, min_iterations=0),
Group(equations=[
SummationDensity(dest='fluid', sources=['fluid'])
    ],
    real=True, update_nnps=False, iterate=False, max_iterations=1, min_iterations=0),
Group(equations=[
DensityResidual(dest='fluid', sources=None),
CheckConvergence(dest='fluid', sources=None)
    ],
    real=True, update_nnps=False, iterate=False, max_iterations=1, min_iterations=0)
    ],
    real=True, update_nnps=False, iterate=True, max_iterations=100, min_iterations=0),
Group(equations=[
CorrectionFactorVariableSmoothingLength(dest='fluid', sources=['fluid'])
    ],
    real=True, update_nnps=False, iterate=False, max_iterations=1, min_iterations=0),
Group(equations=[
SWEOS(dest='fluid', sources=None, g=9.81, rhow=1000.0),
ParticleAccelerations(dim=2, dest='fluid', sources=['fluid'], dhxi=-0.34202014332566871, dhyi=0, dhxxi=0, dhxyi=0, dhyyi=0, u_only=True, v_only=False)
    ],
    real=True, update_nnps=False, iterate=False, max_iterations=1, min_iterations=0)
]
----------------------------------------------------------------------
INFO|2018-01-16 20:35:16,183|pysph.solver.solver|Using integrator:
----------------------------------------------------------------------
  EulerIntegrator(fluid=EulerStep())
----------------------------------------------------------------------
INFO|2018-01-16 20:35:24,195|pysph.solver.application|started multiprocessing interface on ('0.0.0.0', 8800)
INFO|2018-01-16 20:35:24,196|pysph.solver.application|Setup took: 8.25259 secs
INFO|2018-01-16 20:35:24,287|pysph.solver.solver|Writing output at time 0, iteration 0, dt = 0.0001
INFO|2018-01-16 20:35:47,491|pysph.solver.solver|Writing output at time 0.01, iteration 100, dt = 0.0001
INFO|2018-01-16 20:36:14,183|pysph.solver.solver|Writing output at time 0.02, iteration 200, dt = 0.0001
INFO|2018-01-16 20:36:42,521|pysph.solver.solver|Writing output at time 0.03, iteration 300, dt = 0.0001
INFO|2018-01-16 20:37:13,241|pysph.solver.solver|Writing output at time 0.04, iteration 400, dt = 0.0001
INFO|2018-01-16 20:37:45,987|pysph.solver.solver|Writing output at time 0.05, iteration 500, dt = 0.0001
INFO|2018-01-16 20:38:15,822|pysph.solver.solver|Writing output at time 0.06, iteration 600, dt = 0.0001
INFO|2018-01-16 20:38:47,888|pysph.solver.solver|Writing output at time 0.07, iteration 700, dt = 0.0001
INFO|2018-01-16 20:39:22,247|pysph.solver.solver|Writing output at time 0.08, iteration 800, dt = 0.0001
INFO|2018-01-16 20:39:58,701|pysph.solver.solver|Writing output at time 0.09, iteration 900, dt = 0.0001
INFO|2018-01-16 20:40:36,836|pysph.solver.solver|Writing output at time 0.1, iteration 1000, dt = 0.0001
INFO|2018-01-16 20:41:16,428|pysph.solver.solver|Writing output at time 0.11, iteration 1100, dt = 0.0001
INFO|2018-01-16 20:41:57,577|pysph.solver.solver|Writing output at time 0.12, iteration 1200, dt = 0.0001
INFO|2018-01-16 20:42:40,342|pysph.solver.solver|Writing output at time 0.13, iteration 1300, dt = 0.0001
INFO|2018-01-16 20:43:25,399|pysph.solver.solver|Writing output at time 0.14, iteration 1400, dt = 0.0001
INFO|2018-01-16 20:44:11,290|pysph.solver.solver|Writing output at time 0.15, iteration 1500, dt = 0.0001
INFO|2018-01-16 20:44:57,859|pysph.solver.solver|Writing output at time 0.16, iteration 1600, dt = 0.0001
INFO|2018-01-16 20:45:45,351|pysph.solver.solver|Writing output at time 0.17, iteration 1700, dt = 0.0001
INFO|2018-01-16 20:46:33,953|pysph.solver.solver|Writing output at time 0.18, iteration 1800, dt = 0.0001
INFO|2018-01-16 20:47:23,182|pysph.solver.solver|Writing output at time 0.19, iteration 1900, dt = 0.0001
INFO|2018-01-16 20:48:12,799|pysph.solver.solver|Writing output at time 0.2, iteration 2000, dt = 0.0001
INFO|2018-01-16 20:49:03,313|pysph.solver.solver|Writing output at time 0.21, iteration 2100, dt = 0.0001
INFO|2018-01-16 20:49:54,220|pysph.solver.solver|Writing output at time 0.22, iteration 2200, dt = 0.0001
INFO|2018-01-16 20:50:46,031|pysph.solver.solver|Writing output at time 0.23, iteration 2300, dt = 0.0001
INFO|2018-01-16 20:51:38,726|pysph.solver.solver|Writing output at time 0.24, iteration 2400, dt = 0.0001
INFO|2018-01-16 20:52:31,781|pysph.solver.solver|Writing output at time 0.25, iteration 2500, dt = 0.0001
INFO|2018-01-16 20:53:25,875|pysph.solver.solver|Writing output at time 0.26, iteration 2600, dt = 0.0001
INFO|2018-01-16 20:54:20,861|pysph.solver.solver|Writing output at time 0.27, iteration 2700, dt = 0.0001
INFO|2018-01-16 20:55:17,039|pysph.solver.solver|Writing output at time 0.28, iteration 2800, dt = 0.0001
INFO|2018-01-16 20:56:15,087|pysph.solver.solver|Writing output at time 0.29, iteration 2900, dt = 0.0001
INFO|2018-01-16 20:57:14,335|pysph.solver.solver|Writing output at time 0.3, iteration 3000, dt = 0.0001
INFO|2018-01-16 20:58:13,780|pysph.solver.solver|Writing output at time 0.31, iteration 3100, dt = 0.0001
INFO|2018-01-16 20:59:14,956|pysph.solver.solver|Writing output at time 0.32, iteration 3200, dt = 0.0001
INFO|2018-01-16 21:00:17,341|pysph.solver.solver|Writing output at time 0.33, iteration 3300, dt = 0.0001
INFO|2018-01-16 21:01:21,352|pysph.solver.solver|Writing output at time 0.34, iteration 3400, dt = 0.0001
INFO|2018-01-16 21:02:27,126|pysph.solver.solver|Writing output at time 0.35, iteration 3500, dt = 0.0001
INFO|2018-01-16 21:03:34,492|pysph.solver.solver|Writing output at time 0.36, iteration 3600, dt = 0.0001
INFO|2018-01-16 21:04:42,410|pysph.solver.solver|Writing output at time 0.37, iteration 3700, dt = 0.0001
INFO|2018-01-16 21:05:51,228|pysph.solver.solver|Writing output at time 0.38, iteration 3800, dt = 0.0001
INFO|2018-01-16 21:07:00,216|pysph.solver.solver|Writing output at time 0.39, iteration 3900, dt = 0.0001
INFO|2018-01-16 21:08:10,469|pysph.solver.solver|Writing output at time 0.4, iteration 4000, dt = 0.0001
INFO|2018-01-16 21:09:21,802|pysph.solver.solver|Writing output at time 0.41, iteration 4100, dt = 0.0001
INFO|2018-01-16 21:10:34,070|pysph.solver.solver|Writing output at time 0.42, iteration 4200, dt = 0.0001
INFO|2018-01-16 21:11:47,414|pysph.solver.solver|Writing output at time 0.43, iteration 4300, dt = 0.0001
INFO|2018-01-16 21:13:01,956|pysph.solver.solver|Writing output at time 0.44, iteration 4400, dt = 0.0001
INFO|2018-01-16 21:14:17,752|pysph.solver.solver|Writing output at time 0.45, iteration 4500, dt = 0.0001
INFO|2018-01-16 21:15:33,121|pysph.solver.solver|Writing output at time 0.46, iteration 4600, dt = 0.0001
INFO|2018-01-16 21:16:48,740|pysph.solver.solver|Writing output at time 0.47, iteration 4700, dt = 0.0001
INFO|2018-01-16 21:18:04,524|pysph.solver.solver|Writing output at time 0.48, iteration 4800, dt = 0.0001
INFO|2018-01-16 21:19:20,777|pysph.solver.solver|Writing output at time 0.49, iteration 4900, dt = 0.0001
INFO|2018-01-16 21:20:46,822|pysph.solver.solver|Writing output at time 0.5, iteration 5000, dt = 0.0001
INFO|2018-01-16 21:22:15,150|pysph.solver.solver|Writing output at time 0.51, iteration 5100, dt = 0.0001
INFO|2018-01-16 21:23:43,121|pysph.solver.solver|Writing output at time 0.52, iteration 5200, dt = 0.0001
INFO|2018-01-16 21:25:11,041|pysph.solver.solver|Writing output at time 0.53, iteration 5300, dt = 0.0001
INFO|2018-01-16 21:26:39,821|pysph.solver.solver|Writing output at time 0.54, iteration 5400, dt = 0.0001
INFO|2018-01-16 21:28:07,926|pysph.solver.solver|Writing output at time 0.55, iteration 5500, dt = 0.0001
INFO|2018-01-16 21:29:36,584|pysph.solver.solver|Writing output at time 0.56, iteration 5600, dt = 0.0001
INFO|2018-01-16 21:31:04,991|pysph.solver.solver|Writing output at time 0.57, iteration 5700, dt = 0.0001
INFO|2018-01-16 21:32:34,035|pysph.solver.solver|Writing output at time 0.58, iteration 5800, dt = 0.0001
INFO|2018-01-16 21:34:03,317|pysph.solver.solver|Writing output at time 0.59, iteration 5900, dt = 0.0001
INFO|2018-01-16 21:35:32,129|pysph.solver.solver|Writing output at time 0.6, iteration 6000, dt = 0.0001
INFO|2018-01-16 21:37:01,098|pysph.solver.solver|Writing output at time 0.61, iteration 6100, dt = 0.0001
INFO|2018-01-16 21:38:30,621|pysph.solver.solver|Writing output at time 0.62, iteration 6200, dt = 0.0001
INFO|2018-01-16 21:39:59,326|pysph.solver.solver|Writing output at time 0.63, iteration 6300, dt = 0.0001
INFO|2018-01-16 21:41:28,525|pysph.solver.solver|Writing output at time 0.64, iteration 6400, dt = 0.0001
INFO|2018-01-16 21:42:58,562|pysph.solver.solver|Writing output at time 0.65, iteration 6500, dt = 0.0001
INFO|2018-01-16 21:44:19,283|pysph.solver.solver|Writing output at time 0.66, iteration 6600, dt = 0.0001
INFO|2018-01-16 21:45:39,681|pysph.solver.solver|Writing output at time 0.67, iteration 6700, dt = 0.0001
INFO|2018-01-16 21:46:59,900|pysph.solver.solver|Writing output at time 0.68, iteration 6800, dt = 0.0001
INFO|2018-01-16 21:48:20,155|pysph.solver.solver|Writing output at time 0.69, iteration 6900, dt = 0.0001
INFO|2018-01-16 21:49:40,740|pysph.solver.solver|Writing output at time 0.7, iteration 7000, dt = 0.0001
INFO|2018-01-16 21:51:00,916|pysph.solver.solver|Writing output at time 0.71, iteration 7100, dt = 0.0001
INFO|2018-01-16 21:52:20,506|pysph.solver.solver|Writing output at time 0.72, iteration 7200, dt = 0.0001
INFO|2018-01-16 21:53:40,177|pysph.solver.solver|Writing output at time 0.73, iteration 7300, dt = 0.0001
INFO|2018-01-16 21:54:59,554|pysph.solver.solver|Writing output at time 0.74, iteration 7400, dt = 0.0001
INFO|2018-01-16 21:56:18,460|pysph.solver.solver|Writing output at time 0.75, iteration 7500, dt = 0.0001
INFO|2018-01-16 21:57:37,243|pysph.solver.solver|Writing output at time 0.76, iteration 7600, dt = 0.0001
INFO|2018-01-16 21:58:55,896|pysph.solver.solver|Writing output at time 0.77, iteration 7700, dt = 0.0001
INFO|2018-01-16 22:00:14,010|pysph.solver.solver|Writing output at time 0.78, iteration 7800, dt = 0.0001
INFO|2018-01-16 22:01:36,337|pysph.solver.solver|Writing output at time 0.79, iteration 7900, dt = 0.0001
INFO|2018-01-16 22:03:03,204|pysph.solver.solver|Writing output at time 0.8, iteration 8000, dt = 0.0001
INFO|2018-01-16 22:04:31,777|pysph.solver.solver|Writing output at time 0.81, iteration 8100, dt = 0.0001
INFO|2018-01-16 22:05:59,938|pysph.solver.solver|Writing output at time 0.82, iteration 8200, dt = 0.0001
INFO|2018-01-16 22:07:25,745|pysph.solver.solver|Writing output at time 0.83, iteration 8300, dt = 0.0001
INFO|2018-01-16 22:08:52,769|pysph.solver.solver|Writing output at time 0.84, iteration 8400, dt = 0.0001
INFO|2018-01-16 22:10:18,018|pysph.solver.solver|Writing output at time 0.85, iteration 8500, dt = 0.0001
INFO|2018-01-16 22:11:43,315|pysph.solver.solver|Writing output at time 0.86, iteration 8600, dt = 0.0001
INFO|2018-01-16 22:13:09,430|pysph.solver.solver|Writing output at time 0.87, iteration 8700, dt = 0.0001
INFO|2018-01-16 22:14:35,054|pysph.solver.solver|Writing output at time 0.88, iteration 8800, dt = 0.0001
INFO|2018-01-16 22:16:02,531|pysph.solver.solver|Writing output at time 0.89, iteration 8900, dt = 0.0001
INFO|2018-01-16 22:17:27,781|pysph.solver.solver|Writing output at time 0.9, iteration 9000, dt = 0.0001
INFO|2018-01-16 22:18:59,103|pysph.solver.solver|Writing output at time 0.91, iteration 9100, dt = 0.0001
INFO|2018-01-16 22:20:23,448|pysph.solver.solver|Writing output at time 0.92, iteration 9200, dt = 0.0001
INFO|2018-01-16 22:21:44,086|pysph.solver.solver|Writing output at time 0.93, iteration 9300, dt = 0.0001
INFO|2018-01-16 22:23:05,876|pysph.solver.solver|Writing output at time 0.94, iteration 9400, dt = 0.0001
INFO|2018-01-16 22:24:29,647|pysph.solver.solver|Writing output at time 0.95, iteration 9500, dt = 0.0001
INFO|2018-01-16 22:25:54,947|pysph.solver.solver|Writing output at time 0.96, iteration 9600, dt = 0.0001
INFO|2018-01-16 22:27:17,424|pysph.solver.solver|Writing output at time 0.97, iteration 9700, dt = 0.0001
INFO|2018-01-16 22:28:41,488|pysph.solver.solver|Writing output at time 0.98, iteration 9800, dt = 0.0001
INFO|2018-01-16 22:30:02,566|pysph.solver.solver|Writing output at time 0.99, iteration 9900, dt = 0.0001
INFO|2018-01-16 22:31:22,972|pysph.solver.solver|Writing output at time 1, iteration 10000, dt = 0.0001
INFO|2018-01-16 22:31:22,983|pysph.solver.application|Run took: 6958.69585 secs
INFO|2018-01-18 12:23:27,738|pysph.solver.application|Running on Dileeps-MacBook-Air.local with address 10.101.201.189
INFO|2018-01-18 12:23:27,767|pysph.solver.application|Generating output in /Users/dileep/Desktop/My_SWESPH_Work/RectangularDamBreak_Slopingbed_output
INFO|2018-01-18 12:23:27,770|pysph.solver.solver|Using equations:
----------------------------------------------------------------------
[
Group(equations=[
InitialGuessDensity(dim=2, dest='fluid', sources=['fluid']),
UpdateSmoothingLength(h0=0.057499999999999996, dim=2, dest='fluid', sources=None)
    ],
    real=True, update_nnps=True, iterate=False, max_iterations=1, min_iterations=0),
Group(equations=[
Group(equations=[
CorrectionFactorVariableSmoothingLength(dest='fluid', sources=['fluid']),
SummationDensity(dest='fluid', sources=['fluid']),
DensityResidual(dest='fluid', sources=None),
DensityNewtonRaphsonIteration(dim=2, dest='fluid', sources=None)
    ],
    real=True, update_nnps=False, iterate=False, max_iterations=1, min_iterations=0),
Group(equations=[
UpdateSmoothingLength(h0=0.057499999999999996, dim=2, dest='fluid', sources=None)
    ],
    real=True, update_nnps=True, iterate=False, max_iterations=1, min_iterations=0),
Group(equations=[
SummationDensity(dest='fluid', sources=['fluid'])
    ],
    real=True, update_nnps=False, iterate=False, max_iterations=1, min_iterations=0),
Group(equations=[
DensityResidual(dest='fluid', sources=None),
CheckConvergence(dest='fluid', sources=None)
    ],
    real=True, update_nnps=False, iterate=False, max_iterations=1, min_iterations=0)
    ],
    real=True, update_nnps=False, iterate=True, max_iterations=100, min_iterations=0),
Group(equations=[
CorrectionFactorVariableSmoothingLength(dest='fluid', sources=['fluid'])
    ],
    real=True, update_nnps=False, iterate=False, max_iterations=1, min_iterations=0),
Group(equations=[
SWEOS(dest='fluid', sources=None, g=9.81, rhow=1000.0),
ParticleAccelerations(dim=2, dest='fluid', sources=['fluid'], dhxi=-0.17364817766693033, dhyi=0, dhxxi=0, dhxyi=0, dhyyi=0, u_only=True, v_only=False)
    ],
    real=True, update_nnps=False, iterate=False, max_iterations=1, min_iterations=0)
]
----------------------------------------------------------------------
INFO|2018-01-18 12:23:27,770|pysph.solver.solver|Using integrator:
----------------------------------------------------------------------
  EulerIntegrator(fluid=EulerStep())
----------------------------------------------------------------------
INFO|2018-01-18 12:23:28,072|pysph.solver.application|started multiprocessing interface on ('0.0.0.0', 8800)
INFO|2018-01-18 12:23:28,072|pysph.solver.application|Setup took: 0.48000 secs
INFO|2018-01-18 12:23:28,203|pysph.solver.solver|Writing output at time 0.33, iteration 3300, dt = 0.0001
