INFO|2018-01-08 02:03:35,392|pysph.solver.application|Running on Dileeps-MacBook-Air.local with address 192.168.1.101
INFO|2018-01-08 02:03:35,400|pysph.solver.application|Generating output in /Users/dileep/Desktop/My_SWESPH_Work/RectangularDamBreak_output
INFO|2018-01-08 02:03:35,404|pysph.solver.solver|Using equations:
----------------------------------------------------------------------
[
Group(equations=[
InitialGuessDensity(dim=2, dest='fluid', sources=['fluid']),
UpdateSmoothingLength(h0=0.057499999999999996, dim=2, dest='fluid', sources=None)
    ],
    real=True, update_nnps=True, iterate=False, max_iterations=1, min_iterations=0),
Group(equations=[
Group(equations=[
CorrectionFactorVariableSmoothingLength(dest='fluid', sources=['fluid']),
SummationDensity(dest='fluid', sources=['fluid']),
DensityResidual(dest='fluid', sources=None),
DensityNewtonRaphsonIteration(dim=2, dest='fluid', sources=None)
    ],
    real=True, update_nnps=False, iterate=False, max_iterations=1, min_iterations=0),
Group(equations=[
UpdateSmoothingLength(h0=0.057499999999999996, dim=2, dest='fluid', sources=None)
    ],
    real=True, update_nnps=True, iterate=False, max_iterations=1, min_iterations=0),
Group(equations=[
SummationDensity(dest='fluid', sources=['fluid'])
    ],
    real=True, update_nnps=False, iterate=False, max_iterations=1, min_iterations=0),
Group(equations=[
DensityResidual(dest='fluid', sources=None),
CheckConvergence(dest='fluid', sources=None)
    ],
    real=True, update_nnps=False, iterate=False, max_iterations=1, min_iterations=0)
    ],
    real=True, update_nnps=False, iterate=True, max_iterations=100, min_iterations=0),
Group(equations=[
CorrectionFactorVariableSmoothingLength(dest='fluid', sources=['fluid'])
    ],
    real=True, update_nnps=False, iterate=False, max_iterations=1, min_iterations=0),
Group(equations=[
SWEOS(dest='fluid', sources=None, g=9.81, rhow=1000.0),
ParticleAccelerations(dim=2, dest='fluid', sources=['fluid'])
    ],
    real=True, update_nnps=False, iterate=False, max_iterations=1, min_iterations=0)
]
----------------------------------------------------------------------
INFO|2018-01-08 02:03:35,404|pysph.solver.solver|Using integrator:
----------------------------------------------------------------------
  EulerIntegrator(fluid=EulerStep())
----------------------------------------------------------------------
INFO|2018-01-08 02:03:35,636|pysph.solver.application|started multiprocessing interface on ('0.0.0.0', 8800)
INFO|2018-01-08 02:03:35,636|pysph.solver.application|Setup took: 0.40698 secs
INFO|2018-01-08 02:03:35,713|pysph.solver.solver|Writing output at time 0, iteration 0, dt = 0.0001
INFO|2018-01-08 02:03:59,356|pysph.solver.solver|Writing output at time 0.01, iteration 100, dt = 0.0001
INFO|2018-01-08 02:04:26,146|pysph.solver.solver|Writing output at time 0.02, iteration 200, dt = 0.0001
INFO|2018-01-08 02:04:53,729|pysph.solver.solver|Writing output at time 0.03, iteration 300, dt = 0.0001
INFO|2018-01-08 02:05:24,364|pysph.solver.solver|Writing output at time 0.04, iteration 400, dt = 0.0001
INFO|2018-01-08 02:05:56,600|pysph.solver.solver|Writing output at time 0.05, iteration 500, dt = 0.0001
INFO|2018-01-08 02:06:26,406|pysph.solver.solver|Writing output at time 0.06, iteration 600, dt = 0.0001
INFO|2018-01-08 02:06:58,570|pysph.solver.solver|Writing output at time 0.07, iteration 700, dt = 0.0001
INFO|2018-01-08 02:07:33,000|pysph.solver.solver|Writing output at time 0.08, iteration 800, dt = 0.0001
INFO|2018-01-08 02:08:09,431|pysph.solver.solver|Writing output at time 0.09, iteration 900, dt = 0.0001
INFO|2018-01-08 02:08:47,342|pysph.solver.solver|Writing output at time 0.1, iteration 1000, dt = 0.0001
INFO|2018-01-08 02:09:26,492|pysph.solver.solver|Writing output at time 0.11, iteration 1100, dt = 0.0001
INFO|2018-01-08 02:10:07,384|pysph.solver.solver|Writing output at time 0.12, iteration 1200, dt = 0.0001
INFO|2018-01-08 02:10:49,703|pysph.solver.solver|Writing output at time 0.13, iteration 1300, dt = 0.0001
INFO|2018-01-08 02:11:33,493|pysph.solver.solver|Writing output at time 0.14, iteration 1400, dt = 0.0001
INFO|2018-01-08 02:12:18,689|pysph.solver.solver|Writing output at time 0.15, iteration 1500, dt = 0.0001
INFO|2018-01-08 02:13:04,839|pysph.solver.solver|Writing output at time 0.16, iteration 1600, dt = 0.0001
INFO|2018-01-08 02:13:52,863|pysph.solver.solver|Writing output at time 0.17, iteration 1700, dt = 0.0001
INFO|2018-01-08 02:14:42,111|pysph.solver.solver|Writing output at time 0.18, iteration 1800, dt = 0.0001
INFO|2018-01-08 02:15:31,014|pysph.solver.solver|Writing output at time 0.19, iteration 1900, dt = 0.0001
INFO|2018-01-08 02:16:20,550|pysph.solver.solver|Writing output at time 0.2, iteration 2000, dt = 0.0001
INFO|2018-01-08 02:17:11,025|pysph.solver.solver|Writing output at time 0.21, iteration 2100, dt = 0.0001
INFO|2018-01-08 02:18:01,800|pysph.solver.solver|Writing output at time 0.22, iteration 2200, dt = 0.0001
INFO|2018-01-08 02:18:53,751|pysph.solver.solver|Writing output at time 0.23, iteration 2300, dt = 0.0001
INFO|2018-01-08 02:19:46,044|pysph.solver.solver|Writing output at time 0.24, iteration 2400, dt = 0.0001
INFO|2018-01-08 02:20:39,308|pysph.solver.solver|Writing output at time 0.25, iteration 2500, dt = 0.0001
INFO|2018-01-08 02:21:33,598|pysph.solver.solver|Writing output at time 0.26, iteration 2600, dt = 0.0001
INFO|2018-01-08 02:22:30,534|pysph.solver.solver|Writing output at time 0.27, iteration 2700, dt = 0.0001
INFO|2018-01-08 02:23:29,347|pysph.solver.solver|Writing output at time 0.28, iteration 2800, dt = 0.0001
INFO|2018-01-08 02:24:28,232|pysph.solver.solver|Writing output at time 0.29, iteration 2900, dt = 0.0001
INFO|2018-01-08 02:25:28,486|pysph.solver.solver|Writing output at time 0.3, iteration 3000, dt = 0.0001
INFO|2018-01-08 02:26:30,185|pysph.solver.solver|Writing output at time 0.31, iteration 3100, dt = 0.0001
INFO|2018-01-08 02:27:33,253|pysph.solver.solver|Writing output at time 0.32, iteration 3200, dt = 0.0001
INFO|2018-01-08 02:28:37,584|pysph.solver.solver|Writing output at time 0.33, iteration 3300, dt = 0.0001
INFO|2018-01-08 02:29:43,618|pysph.solver.solver|Writing output at time 0.34, iteration 3400, dt = 0.0001
INFO|2018-01-08 02:30:51,045|pysph.solver.solver|Writing output at time 0.35, iteration 3500, dt = 0.0001
INFO|2018-01-08 02:31:58,803|pysph.solver.solver|Writing output at time 0.36, iteration 3600, dt = 0.0001
INFO|2018-01-08 02:33:07,719|pysph.solver.solver|Writing output at time 0.37, iteration 3700, dt = 0.0001
INFO|2018-01-08 02:34:17,261|pysph.solver.solver|Writing output at time 0.38, iteration 3800, dt = 0.0001
INFO|2018-01-08 02:35:27,989|pysph.solver.solver|Writing output at time 0.39, iteration 3900, dt = 0.0001
INFO|2018-01-08 02:36:40,767|pysph.solver.solver|Writing output at time 0.4, iteration 4000, dt = 0.0001
INFO|2018-01-08 02:37:53,146|pysph.solver.solver|Writing output at time 0.41, iteration 4100, dt = 0.0001
INFO|2018-01-08 02:39:07,175|pysph.solver.solver|Writing output at time 0.42, iteration 4200, dt = 0.0001
INFO|2018-01-08 02:40:21,838|pysph.solver.solver|Writing output at time 0.43, iteration 4300, dt = 0.0001
INFO|2018-01-08 02:41:35,938|pysph.solver.solver|Writing output at time 0.44, iteration 4400, dt = 0.0001
INFO|2018-01-08 02:42:50,337|pysph.solver.solver|Writing output at time 0.45, iteration 4500, dt = 0.0001
INFO|2018-01-08 02:44:06,664|pysph.solver.solver|Writing output at time 0.46, iteration 4600, dt = 0.0001
INFO|2018-01-08 02:45:22,909|pysph.solver.solver|Writing output at time 0.47, iteration 4700, dt = 0.0001
INFO|2018-01-08 02:46:39,371|pysph.solver.solver|Writing output at time 0.48, iteration 4800, dt = 0.0001
INFO|2018-01-08 02:47:56,194|pysph.solver.solver|Writing output at time 0.49, iteration 4900, dt = 0.0001
INFO|2018-01-08 02:49:13,133|pysph.solver.solver|Writing output at time 0.5, iteration 5000, dt = 0.0001
INFO|2018-01-08 02:50:30,526|pysph.solver.solver|Writing output at time 0.51, iteration 5100, dt = 0.0001
INFO|2018-01-08 02:51:48,118|pysph.solver.solver|Writing output at time 0.52, iteration 5200, dt = 0.0001
INFO|2018-01-08 02:53:06,624|pysph.solver.solver|Writing output at time 0.53, iteration 5300, dt = 0.0001
INFO|2018-01-08 02:54:25,070|pysph.solver.solver|Writing output at time 0.54, iteration 5400, dt = 0.0001
INFO|2018-01-08 02:55:43,364|pysph.solver.solver|Writing output at time 0.55, iteration 5500, dt = 0.0001
INFO|2018-01-08 02:57:02,397|pysph.solver.solver|Writing output at time 0.56, iteration 5600, dt = 0.0001
INFO|2018-01-08 02:58:21,224|pysph.solver.solver|Writing output at time 0.57, iteration 5700, dt = 0.0001
INFO|2018-01-08 02:59:40,088|pysph.solver.solver|Writing output at time 0.58, iteration 5800, dt = 0.0001
INFO|2018-01-08 03:00:59,440|pysph.solver.solver|Writing output at time 0.59, iteration 5900, dt = 0.0001
INFO|2018-01-08 03:02:18,964|pysph.solver.solver|Writing output at time 0.6, iteration 6000, dt = 0.0001
INFO|2018-01-08 03:03:38,516|pysph.solver.solver|Writing output at time 0.61, iteration 6100, dt = 0.0001
INFO|2018-01-08 03:04:58,133|pysph.solver.solver|Writing output at time 0.62, iteration 6200, dt = 0.0001
INFO|2018-01-08 03:06:17,766|pysph.solver.solver|Writing output at time 0.63, iteration 6300, dt = 0.0001
INFO|2018-01-08 03:07:37,445|pysph.solver.solver|Writing output at time 0.64, iteration 6400, dt = 0.0001
INFO|2018-01-08 03:08:56,926|pysph.solver.solver|Writing output at time 0.65, iteration 6500, dt = 0.0001
INFO|2018-01-08 03:10:16,477|pysph.solver.solver|Writing output at time 0.66, iteration 6600, dt = 0.0001
INFO|2018-01-08 03:11:35,871|pysph.solver.solver|Writing output at time 0.67, iteration 6700, dt = 0.0001
INFO|2018-01-08 03:12:54,596|pysph.solver.solver|Writing output at time 0.68, iteration 6800, dt = 0.0001
INFO|2018-01-08 03:14:13,362|pysph.solver.solver|Writing output at time 0.69, iteration 6900, dt = 0.0001
INFO|2018-01-08 03:15:31,906|pysph.solver.solver|Writing output at time 0.7, iteration 7000, dt = 0.0001
INFO|2018-01-08 03:16:49,637|pysph.solver.solver|Writing output at time 0.71, iteration 7100, dt = 0.0001
INFO|2018-01-08 03:18:07,983|pysph.solver.solver|Writing output at time 0.72, iteration 7200, dt = 0.0001
INFO|2018-01-08 03:19:25,950|pysph.solver.solver|Writing output at time 0.73, iteration 7300, dt = 0.0001
INFO|2018-01-08 03:20:43,080|pysph.solver.solver|Writing output at time 0.74, iteration 7400, dt = 0.0001
INFO|2018-01-08 03:22:00,019|pysph.solver.solver|Writing output at time 0.75, iteration 7500, dt = 0.0001
INFO|2018-01-08 03:23:17,042|pysph.solver.solver|Writing output at time 0.76, iteration 7600, dt = 0.0001
INFO|2018-01-08 03:24:33,779|pysph.solver.solver|Writing output at time 0.77, iteration 7700, dt = 0.0001
INFO|2018-01-08 03:25:50,176|pysph.solver.solver|Writing output at time 0.78, iteration 7800, dt = 0.0001
INFO|2018-01-08 03:27:06,264|pysph.solver.solver|Writing output at time 0.79, iteration 7900, dt = 0.0001
INFO|2018-01-08 03:28:22,189|pysph.solver.solver|Writing output at time 0.8, iteration 8000, dt = 0.0001
INFO|2018-01-08 03:29:37,457|pysph.solver.solver|Writing output at time 0.81, iteration 8100, dt = 0.0001
INFO|2018-01-08 03:30:52,584|pysph.solver.solver|Writing output at time 0.82, iteration 8200, dt = 0.0001
INFO|2018-01-08 03:32:07,580|pysph.solver.solver|Writing output at time 0.83, iteration 8300, dt = 0.0001
INFO|2018-01-08 03:33:22,137|pysph.solver.solver|Writing output at time 0.84, iteration 8400, dt = 0.0001
INFO|2018-01-08 03:34:36,358|pysph.solver.solver|Writing output at time 0.85, iteration 8500, dt = 0.0001
INFO|2018-01-08 03:35:50,380|pysph.solver.solver|Writing output at time 0.86, iteration 8600, dt = 0.0001
INFO|2018-01-08 03:37:04,276|pysph.solver.solver|Writing output at time 0.87, iteration 8700, dt = 0.0001
INFO|2018-01-08 03:38:17,669|pysph.solver.solver|Writing output at time 0.88, iteration 8800, dt = 0.0001
INFO|2018-01-08 03:39:30,618|pysph.solver.solver|Writing output at time 0.89, iteration 8900, dt = 0.0001
INFO|2018-01-08 03:40:43,475|pysph.solver.solver|Writing output at time 0.9, iteration 9000, dt = 0.0001
INFO|2018-01-08 03:41:55,902|pysph.solver.solver|Writing output at time 0.91, iteration 9100, dt = 0.0001
INFO|2018-01-08 03:43:08,141|pysph.solver.solver|Writing output at time 0.92, iteration 9200, dt = 0.0001
INFO|2018-01-08 03:44:19,923|pysph.solver.solver|Writing output at time 0.93, iteration 9300, dt = 0.0001
INFO|2018-01-08 03:45:31,391|pysph.solver.solver|Writing output at time 0.94, iteration 9400, dt = 0.0001
INFO|2018-01-08 03:46:42,558|pysph.solver.solver|Writing output at time 0.95, iteration 9500, dt = 0.0001
INFO|2018-01-08 03:47:53,393|pysph.solver.solver|Writing output at time 0.96, iteration 9600, dt = 0.0001
INFO|2018-01-08 03:49:04,143|pysph.solver.solver|Writing output at time 0.97, iteration 9700, dt = 0.0001
INFO|2018-01-08 03:50:14,418|pysph.solver.solver|Writing output at time 0.98, iteration 9800, dt = 0.0001
INFO|2018-01-08 03:51:24,734|pysph.solver.solver|Writing output at time 0.99, iteration 9900, dt = 0.0001
INFO|2018-01-08 03:52:34,463|pysph.solver.solver|Writing output at time 1, iteration 10000, dt = 0.0001
INFO|2018-01-08 03:52:34,472|pysph.solver.application|Run took: 6538.75987 secs
