INFO|2017-12-26 20:21:54,346|pysph.solver.application|Running on Dileeps-MacBook-Air.local with address Dileeps-MacBook-Air.local
INFO|2017-12-26 20:21:54,359|pysph.solver.application|Generating output in /Users/dileep/Desktop/My_SWESPH_Work/dam_break_hei_one_meter
INFO|2017-12-26 20:21:54,362|pysph.solver.solver|Using equations:
----------------------------------------------------------------------
[
Group(equations=[
TaitEOS(dest='fluid', sources=None, rho0=1000.0, c0=44.294469180700204, gamma=7.0, p0=0.0),
TaitEOSHGCorrection(dest='boundary', sources=None, rho0=1000.0, c0=44.294469180700204, gamma=7.0)
    ],
    real=False, update_nnps=False, iterate=False, max_iterations=1, min_iterations=0),
Group(equations=[
ContinuityEquationDeltaSPH(dest='fluid', sources=['fluid'], c0=44.294469180700204, delta=0.1),
ContinuityEquation(dest='fluid', sources=['boundary']),
ContinuityEquation(dest='boundary', sources=['fluid']),
MomentumEquation(dest='fluid', sources=['fluid', 'boundary'], c0=44.294469180700204, alpha=0.1, beta=0.0, gx=0.0, gy=-9.81, gz=0.0, tensile_correction=True),
XSPHCorrection(dest='fluid', sources=['fluid'], eps=0.5)
    ],
    real=True, update_nnps=False, iterate=False, max_iterations=1, min_iterations=0),
Group(equations=[
UpdateSmoothingLengthFerrari(dest='fluid', sources=None, hdx=1.2)
    ],
    real=True, update_nnps=False, iterate=False, max_iterations=1, min_iterations=0)
]
----------------------------------------------------------------------
INFO|2017-12-26 20:21:54,362|pysph.solver.solver|Using integrator:
----------------------------------------------------------------------
  EPECIntegrator(boundary=WCSPHStep(), fluid=WCSPHStep())
----------------------------------------------------------------------
INFO|2017-12-26 20:21:54,644|pysph.solver.application|started multiprocessing interface on ('0.0.0.0', 8800)
INFO|2017-12-26 20:21:54,644|pysph.solver.application|Setup took: 5.30858 secs
INFO|2017-12-26 20:21:54,645|pysph.solver.solver|Writing output at time 0, iteration 0, dt = 0.0001
INFO|2017-12-26 20:21:57,220|pysph.solver.solver|Writing output at time 0.0112632, iteration 100, dt = 0.000148923
INFO|2017-12-26 20:21:59,613|pysph.solver.solver|Writing output at time 0.0261283, iteration 200, dt = 0.000148384
INFO|2017-12-26 20:22:02,045|pysph.solver.solver|Writing output at time 0.0409496, iteration 300, dt = 0.000148053
INFO|2017-12-26 20:22:04,841|pysph.solver.solver|Writing output at time 0.0557392, iteration 400, dt = 0.000147618
INFO|2017-12-26 20:22:07,905|pysph.solver.solver|Writing output at time 0.0704639, iteration 500, dt = 0.000147216
INFO|2017-12-26 20:22:11,420|pysph.solver.solver|Writing output at time 0.0851634, iteration 600, dt = 0.00014674
INFO|2017-12-26 20:22:14,108|pysph.solver.solver|Writing output at time 0.0998289, iteration 700, dt = 0.000146557
INFO|2017-12-26 20:22:16,752|pysph.solver.solver|Writing output at time 0.114407, iteration 800, dt = 0.000145936
INFO|2017-12-26 20:22:19,402|pysph.solver.solver|Writing output at time 0.129034, iteration 900, dt = 0.000146212
INFO|2017-12-26 20:22:22,049|pysph.solver.solver|Writing output at time 0.143606, iteration 1000, dt = 0.000145235
INFO|2017-12-26 20:22:24,732|pysph.solver.solver|Writing output at time 0.158099, iteration 1100, dt = 0.000144039
INFO|2017-12-26 20:22:27,506|pysph.solver.solver|Writing output at time 0.17252, iteration 1200, dt = 0.00014523
INFO|2017-12-26 20:22:30,293|pysph.solver.solver|Writing output at time 0.187051, iteration 1300, dt = 0.000144953
INFO|2017-12-26 20:22:32,945|pysph.solver.solver|Writing output at time 0.201539, iteration 1400, dt = 0.00014514
INFO|2017-12-26 20:22:35,635|pysph.solver.solver|Writing output at time 0.215988, iteration 1500, dt = 0.000144378
INFO|2017-12-26 20:22:38,267|pysph.solver.solver|Writing output at time 0.230425, iteration 1600, dt = 0.000144727
INFO|2017-12-26 20:22:40,863|pysph.solver.solver|Writing output at time 0.244886, iteration 1700, dt = 0.000144578
INFO|2017-12-26 20:22:43,595|pysph.solver.solver|Writing output at time 0.259333, iteration 1800, dt = 0.000144183
INFO|2017-12-26 20:22:46,287|pysph.solver.solver|Writing output at time 0.273765, iteration 1900, dt = 0.000144206
INFO|2017-12-26 20:22:48,978|pysph.solver.solver|Writing output at time 0.288179, iteration 2000, dt = 0.000144077
INFO|2017-12-26 20:22:51,797|pysph.solver.solver|Writing output at time 0.30259, iteration 2100, dt = 0.000144153
INFO|2017-12-26 20:22:54,652|pysph.solver.solver|Writing output at time 0.317004, iteration 2200, dt = 0.000144213
INFO|2017-12-26 20:22:57,347|pysph.solver.solver|Writing output at time 0.33142, iteration 2300, dt = 0.00014407
INFO|2017-12-26 20:23:00,186|pysph.solver.solver|Writing output at time 0.345823, iteration 2400, dt = 0.000143989
INFO|2017-12-26 20:23:02,818|pysph.solver.solver|Writing output at time 0.360204, iteration 2500, dt = 0.000143772
INFO|2017-12-26 20:23:05,659|pysph.solver.solver|Writing output at time 0.374575, iteration 2600, dt = 0.000143638
INFO|2017-12-26 20:23:08,409|pysph.solver.solver|Writing output at time 0.388938, iteration 2700, dt = 0.000143561
INFO|2017-12-26 20:23:11,180|pysph.solver.solver|Writing output at time 0.403304, iteration 2800, dt = 0.000143728
INFO|2017-12-26 20:23:13,960|pysph.solver.solver|Writing output at time 0.417671, iteration 2900, dt = 0.000143559
INFO|2017-12-26 20:23:16,800|pysph.solver.solver|Writing output at time 0.432011, iteration 3000, dt = 0.000143331
INFO|2017-12-26 20:23:19,913|pysph.solver.solver|Writing output at time 0.446346, iteration 3100, dt = 0.00014334
INFO|2017-12-26 20:23:22,793|pysph.solver.solver|Writing output at time 0.460678, iteration 3200, dt = 0.000143319
INFO|2017-12-26 20:23:25,666|pysph.solver.solver|Writing output at time 0.475007, iteration 3300, dt = 0.000143232
INFO|2017-12-26 20:23:28,732|pysph.solver.solver|Writing output at time 0.489327, iteration 3400, dt = 0.00014316
INFO|2017-12-26 20:23:31,529|pysph.solver.solver|Writing output at time 0.503637, iteration 3500, dt = 0.000143029
INFO|2017-12-26 20:23:34,371|pysph.solver.solver|Writing output at time 0.517938, iteration 3600, dt = 0.000142976
INFO|2017-12-26 20:23:37,281|pysph.solver.solver|Writing output at time 0.532234, iteration 3700, dt = 0.000142922
INFO|2017-12-26 20:23:40,070|pysph.solver.solver|Writing output at time 0.546526, iteration 3800, dt = 0.00014289
INFO|2017-12-26 20:23:42,987|pysph.solver.solver|Writing output at time 0.560812, iteration 3900, dt = 0.000142828
INFO|2017-12-26 20:23:45,776|pysph.solver.solver|Writing output at time 0.57509, iteration 4000, dt = 0.000142733
INFO|2017-12-26 20:23:48,610|pysph.solver.solver|Writing output at time 0.589362, iteration 4100, dt = 0.000142699
INFO|2017-12-26 20:23:51,479|pysph.solver.solver|Writing output at time 0.60363, iteration 4200, dt = 0.00014268
INFO|2017-12-26 20:23:54,365|pysph.solver.solver|Writing output at time 0.6179, iteration 4300, dt = 0.000142701
INFO|2017-12-26 20:23:57,366|pysph.solver.solver|Writing output at time 0.632172, iteration 4400, dt = 0.000142745
INFO|2017-12-26 20:24:00,600|pysph.solver.solver|Writing output at time 0.646445, iteration 4500, dt = 0.000142736
INFO|2017-12-26 20:24:03,514|pysph.solver.solver|Writing output at time 0.660719, iteration 4600, dt = 0.000142751
INFO|2017-12-26 20:24:06,617|pysph.solver.solver|Writing output at time 0.674989, iteration 4700, dt = 0.000142654
INFO|2017-12-26 20:24:09,759|pysph.solver.solver|Writing output at time 0.689256, iteration 4800, dt = 0.000142674
INFO|2017-12-26 20:24:12,694|pysph.solver.solver|Writing output at time 0.703525, iteration 4900, dt = 0.000142714
INFO|2017-12-26 20:24:15,630|pysph.solver.solver|Writing output at time 0.717796, iteration 5000, dt = 0.000142684
INFO|2017-12-26 20:24:18,546|pysph.solver.solver|Writing output at time 0.732062, iteration 5100, dt = 0.00014268
INFO|2017-12-26 20:24:21,521|pysph.solver.solver|Writing output at time 0.746332, iteration 5200, dt = 0.000142684
INFO|2017-12-26 20:24:24,499|pysph.solver.solver|Writing output at time 0.760606, iteration 5300, dt = 0.000142797
INFO|2017-12-26 20:24:27,447|pysph.solver.solver|Writing output at time 0.774883, iteration 5400, dt = 0.000142745
INFO|2017-12-26 20:24:30,436|pysph.solver.solver|Writing output at time 0.789157, iteration 5500, dt = 0.000142728
INFO|2017-12-26 20:24:33,418|pysph.solver.solver|Writing output at time 0.803427, iteration 5600, dt = 0.000142687
INFO|2017-12-26 20:24:36,453|pysph.solver.solver|Writing output at time 0.817698, iteration 5700, dt = 0.000142704
INFO|2017-12-26 20:24:39,570|pysph.solver.solver|Writing output at time 0.831972, iteration 5800, dt = 0.000142798
INFO|2017-12-26 20:24:42,787|pysph.solver.solver|Writing output at time 0.846253, iteration 5900, dt = 0.00014283
INFO|2017-12-26 20:24:46,214|pysph.solver.solver|Writing output at time 0.860535, iteration 6000, dt = 0.000142801
INFO|2017-12-26 20:24:49,585|pysph.solver.solver|Writing output at time 0.874817, iteration 6100, dt = 0.000142838
INFO|2017-12-26 20:24:52,731|pysph.solver.solver|Writing output at time 0.8891, iteration 6200, dt = 0.00014284
INFO|2017-12-26 20:24:55,850|pysph.solver.solver|Writing output at time 0.903382, iteration 6300, dt = 0.000142812
INFO|2017-12-26 20:24:58,988|pysph.solver.solver|Writing output at time 0.917661, iteration 6400, dt = 0.000142784
INFO|2017-12-26 20:25:01,970|pysph.solver.solver|Writing output at time 0.931937, iteration 6500, dt = 0.000142768
INFO|2017-12-26 20:25:04,965|pysph.solver.solver|Writing output at time 0.946221, iteration 6600, dt = 0.000142857
INFO|2017-12-26 20:25:08,019|pysph.solver.solver|Writing output at time 0.960508, iteration 6700, dt = 0.000142863
INFO|2017-12-26 20:25:11,127|pysph.solver.solver|Writing output at time 0.974793, iteration 6800, dt = 0.000142851
INFO|2017-12-26 20:25:14,158|pysph.solver.solver|Writing output at time 0.989077, iteration 6900, dt = 0.000142807
INFO|2017-12-26 20:25:17,198|pysph.solver.solver|Writing output at time 1.00336, iteration 7000, dt = 0.000142824
INFO|2017-12-26 20:25:20,363|pysph.solver.solver|Writing output at time 1.01764, iteration 7100, dt = 0.000142799
INFO|2017-12-26 20:25:23,559|pysph.solver.solver|Writing output at time 1.03192, iteration 7200, dt = 0.000142849
INFO|2017-12-26 20:25:27,092|pysph.solver.solver|Writing output at time 1.04621, iteration 7300, dt = 0.000142934
INFO|2017-12-26 20:25:30,494|pysph.solver.solver|Writing output at time 1.06051, iteration 7400, dt = 0.00014296
INFO|2017-12-26 20:25:33,700|pysph.solver.solver|Writing output at time 1.0748, iteration 7500, dt = 0.000142946
INFO|2017-12-26 20:25:36,838|pysph.solver.solver|Writing output at time 1.08905, iteration 7600, dt = 0.00014025
INFO|2017-12-26 20:25:40,006|pysph.solver.solver|Writing output at time 1.10299, iteration 7700, dt = 0.000138373
INFO|2017-12-26 20:25:43,267|pysph.solver.solver|Writing output at time 1.1172, iteration 7800, dt = 0.000142939
INFO|2017-12-26 20:25:46,370|pysph.solver.solver|Writing output at time 1.13133, iteration 7900, dt = 0.000141349
INFO|2017-12-26 20:25:49,530|pysph.solver.solver|Writing output at time 1.14561, iteration 8000, dt = 0.000143018
INFO|2017-12-26 20:25:52,821|pysph.solver.solver|Writing output at time 1.1599, iteration 8100, dt = 0.000143001
INFO|2017-12-26 20:25:56,155|pysph.solver.solver|Writing output at time 1.17421, iteration 8200, dt = 0.000143056
INFO|2017-12-26 20:25:59,256|pysph.solver.solver|Writing output at time 1.18851, iteration 8300, dt = 0.000142906
INFO|2017-12-26 20:26:02,427|pysph.solver.solver|Writing output at time 1.2028, iteration 8400, dt = 0.000142977
INFO|2017-12-26 20:26:05,587|pysph.solver.solver|Writing output at time 1.2171, iteration 8500, dt = 0.000143111
INFO|2017-12-26 20:26:08,799|pysph.solver.solver|Writing output at time 1.23141, iteration 8600, dt = 0.000143129
INFO|2017-12-26 20:26:11,921|pysph.solver.solver|Writing output at time 1.24573, iteration 8700, dt = 0.000143117
INFO|2017-12-26 20:26:15,088|pysph.solver.solver|Writing output at time 1.26004, iteration 8800, dt = 0.000143
INFO|2017-12-26 20:26:18,410|pysph.solver.solver|Writing output at time 1.27434, iteration 8900, dt = 0.000143026
INFO|2017-12-26 20:26:21,592|pysph.solver.solver|Writing output at time 1.28865, iteration 9000, dt = 0.000143139
INFO|2017-12-26 20:26:24,819|pysph.solver.solver|Writing output at time 1.30296, iteration 9100, dt = 0.000143207
INFO|2017-12-26 20:26:28,039|pysph.solver.solver|Writing output at time 1.31728, iteration 9200, dt = 0.000143223
INFO|2017-12-26 20:26:31,147|pysph.solver.solver|Writing output at time 1.33161, iteration 9300, dt = 0.000143333
INFO|2017-12-26 20:26:34,269|pysph.solver.solver|Writing output at time 1.34594, iteration 9400, dt = 0.000143344
INFO|2017-12-26 20:26:37,505|pysph.solver.solver|Writing output at time 1.36028, iteration 9500, dt = 0.00014327
INFO|2017-12-26 20:26:40,688|pysph.solver.solver|Writing output at time 1.37461, iteration 9600, dt = 0.00014337
INFO|2017-12-26 20:26:43,922|pysph.solver.solver|Writing output at time 1.38895, iteration 9700, dt = 0.000143281
INFO|2017-12-26 20:26:47,125|pysph.solver.solver|Writing output at time 1.40327, iteration 9800, dt = 0.000143271
INFO|2017-12-26 20:26:50,409|pysph.solver.solver|Writing output at time 1.41759, iteration 9900, dt = 0.00014322
INFO|2017-12-26 20:26:53,817|pysph.solver.solver|Writing output at time 1.43179, iteration 10000, dt = 0.000138664
INFO|2017-12-26 20:26:57,100|pysph.solver.solver|Writing output at time 1.44572, iteration 10100, dt = 0.000143426
INFO|2017-12-26 20:27:00,384|pysph.solver.solver|Writing output at time 1.46006, iteration 10200, dt = 0.00014338
INFO|2017-12-26 20:27:04,275|pysph.solver.solver|Writing output at time 1.4744, iteration 10300, dt = 0.00014332
INFO|2017-12-26 20:27:08,322|pysph.solver.solver|Writing output at time 1.48873, iteration 10400, dt = 0.000143376
INFO|2017-12-26 20:27:12,195|pysph.solver.solver|Writing output at time 1.50307, iteration 10500, dt = 0.000143479
INFO|2017-12-26 20:27:16,300|pysph.solver.solver|Writing output at time 1.51742, iteration 10600, dt = 0.000143575
INFO|2017-12-26 20:27:19,532|pysph.solver.solver|Writing output at time 1.53178, iteration 10700, dt = 0.000143564
INFO|2017-12-26 20:27:22,699|pysph.solver.solver|Writing output at time 1.54614, iteration 10800, dt = 0.000143532
INFO|2017-12-26 20:27:25,932|pysph.solver.solver|Writing output at time 1.56048, iteration 10900, dt = 0.000143459
INFO|2017-12-26 20:27:29,156|pysph.solver.solver|Writing output at time 1.57483, iteration 11000, dt = 0.000143463
INFO|2017-12-26 20:27:32,396|pysph.solver.solver|Writing output at time 1.58918, iteration 11100, dt = 0.000143508
INFO|2017-12-26 20:27:35,490|pysph.solver.solver|Writing output at time 1.60353, iteration 11200, dt = 0.000143556
INFO|2017-12-26 20:27:38,526|pysph.solver.solver|Writing output at time 1.61789, iteration 11300, dt = 0.000143628
INFO|2017-12-26 20:27:41,605|pysph.solver.solver|Writing output at time 1.63226, iteration 11400, dt = 0.000143628
INFO|2017-12-26 20:27:44,641|pysph.solver.solver|Writing output at time 1.64661, iteration 11500, dt = 0.000143559
INFO|2017-12-26 20:27:47,676|pysph.solver.solver|Writing output at time 1.66097, iteration 11600, dt = 0.000143546
INFO|2017-12-26 20:27:50,736|pysph.solver.solver|Writing output at time 1.67533, iteration 11700, dt = 0.000143705
INFO|2017-12-26 20:27:53,742|pysph.solver.solver|Writing output at time 1.68971, iteration 11800, dt = 0.000143799
INFO|2017-12-26 20:27:56,770|pysph.solver.solver|Writing output at time 1.70409, iteration 11900, dt = 0.000143805
INFO|2017-12-26 20:27:59,848|pysph.solver.solver|Writing output at time 1.71847, iteration 12000, dt = 0.000143776
INFO|2017-12-26 20:28:02,879|pysph.solver.solver|Writing output at time 1.73284, iteration 12100, dt = 0.000143663
INFO|2017-12-26 20:28:05,920|pysph.solver.solver|Writing output at time 1.7472, iteration 12200, dt = 0.000143653
INFO|2017-12-26 20:28:08,975|pysph.solver.solver|Writing output at time 1.76157, iteration 12300, dt = 0.000143677
INFO|2017-12-26 20:28:12,004|pysph.solver.solver|Writing output at time 1.77594, iteration 12400, dt = 0.000143819
INFO|2017-12-26 20:28:15,059|pysph.solver.solver|Writing output at time 1.79033, iteration 12500, dt = 0.000143852
INFO|2017-12-26 20:28:18,147|pysph.solver.solver|Writing output at time 1.80471, iteration 12600, dt = 0.000143805
INFO|2017-12-26 20:28:21,226|pysph.solver.solver|Writing output at time 1.81909, iteration 12700, dt = 0.000143815
INFO|2017-12-26 20:28:24,449|pysph.solver.solver|Writing output at time 1.83347, iteration 12800, dt = 0.000143752
INFO|2017-12-26 20:28:27,551|pysph.solver.solver|Writing output at time 1.84785, iteration 12900, dt = 0.000143784
INFO|2017-12-26 20:28:30,633|pysph.solver.solver|Writing output at time 1.86223, iteration 13000, dt = 0.000143903
INFO|2017-12-26 20:28:33,759|pysph.solver.solver|Writing output at time 1.87663, iteration 13100, dt = 0.000143975
INFO|2017-12-26 20:28:36,899|pysph.solver.solver|Writing output at time 1.89103, iteration 13200, dt = 0.000144036
INFO|2017-12-26 20:28:40,078|pysph.solver.solver|Writing output at time 1.90543, iteration 13300, dt = 0.000143966
INFO|2017-12-26 20:28:43,204|pysph.solver.solver|Writing output at time 1.91982, iteration 13400, dt = 0.000143873
INFO|2017-12-26 20:28:46,435|pysph.solver.solver|Writing output at time 1.93421, iteration 13500, dt = 0.000143957
INFO|2017-12-26 20:28:49,552|pysph.solver.solver|Writing output at time 1.94861, iteration 13600, dt = 0.000144039
INFO|2017-12-26 20:28:52,690|pysph.solver.solver|Writing output at time 1.96301, iteration 13700, dt = 0.00014396
INFO|2017-12-26 20:28:55,831|pysph.solver.solver|Writing output at time 1.97742, iteration 13800, dt = 0.000144145
INFO|2017-12-26 20:28:59,025|pysph.solver.solver|Writing output at time 1.99184, iteration 13900, dt = 0.00014423
INFO|2017-12-26 20:29:00,789|pysph.solver.solver|Writing output at time 2, iteration 13957, dt = 7.93184e-05
INFO|2017-12-26 20:29:00,803|pysph.solver.application|Run took: 426.15812 secs
